System.Web.Services.Asmx Information: 0 : Llamando a IHttpHandlerFactory.GetHandler
    Llamador: System.Web.Services.Protocols.WebServiceHandlerFactory#15688314::GetHandler()
    Dirección del host de la solicitud: ::1
    Dirección URL de la solicitud: [GET] http://localhost/ESIDIFCredito/CreditoService.asmx
    ProcessId=42156
    LogicalOperationStack=
    ThreadId=6
    DateTime=2019-09-20T15:08:47.6726396Z
    Timestamp=1018320100746
System.Web.Services.Asmx Information: 0 : Llamando a ASP.NET
    Método: System.Web.UI.PageParser#48701316::GetCompiledPageInstance(System.String#-1114439473="/esidifcredito/DefaultWsdlHelpGenerator.aspx", System.String#-1173590098="C:\Windows\Microsoft.NET\Framework64\v4.0.30319\Config\DefaultWsdlHelpGenerator.aspx", System.Web.HttpContext#3052046=..)
    Llamador: System.Web.Services.Protocols.DocumentationServerProtocol#21400478::Initialize()
    ProcessId=42156
    LogicalOperationStack=
    ThreadId=6
    DateTime=2019-09-20T15:08:49.6578381Z
    Timestamp=1018326185073
System.Web.Services.Asmx Information: 0 : Valor devuelto de ASP.NET
    Llamador: System.Web.Services.Protocols.DocumentationServerProtocol#21400478::Initialize()
    ProcessId=42156
    LogicalOperationStack=
    ThreadId=6
    DateTime=2019-09-20T15:09:54.0122729Z
    Timestamp=1018535140372
System.Web.Services.Asmx Information: 0 : Valor devuelto de IHttpHandlerFactory.GetHandler
    Llamador: System.Web.Services.Protocols.WebServiceHandlerFactory#15688314::GetHandler()
    ProcessId=42156
    LogicalOperationStack=
    ThreadId=6
    DateTime=2019-09-20T15:09:54.0132730Z
    Timestamp=1018535142221
System.Web.Services.Asmx Information: 0 : Llamando a IHttpHandler.ProcessRequest
    Llamador: System.Web.Services.Protocols.SyncSessionlessHandler#57195083::ProcessRequest()
    Dirección del host de la solicitud: ::1
    Dirección URL de la solicitud: [GET] http://localhost/ESIDIFCredito/CreditoService.asmx
    ProcessId=42156
    LogicalOperationStack=
    ThreadId=6
    DateTime=2019-09-20T15:09:54.1642881Z
    Timestamp=1018535633990
System.Web.Services.Asmx Information: 0 : Llamando a RemoteDebugger
    Llamador: System.Web.Services.Protocols.RemoteDebugger#48044684::get_Connection()
    ProcessId=42156
    LogicalOperationStack=
    ThreadId=6
    DateTime=2019-09-20T15:09:54.8083525Z
    Timestamp=1018537724155
System.Web.Services.Asmx Information: 0 : Valor devuelto de RemoteDebugger
    Llamador: System.Web.Services.Protocols.RemoteDebugger#48044684::get_Connection()
    ProcessId=42156
    LogicalOperationStack=
    ThreadId=6
    DateTime=2019-09-20T15:09:55.6774394Z
    Timestamp=1018540546670
System.Web.Services.Asmx Information: 0 : Llamando a Void Documentation()
    Método: System.Web.Services.Protocols.DocumentationServerProtocol#51118573::Documentation()
    Llamador: System.Web.Services.Protocols.SyncSessionlessHandler#57195083::Invoke()
    ProcessId=42156
    LogicalOperationStack=
    ThreadId=6
    DateTime=2019-09-20T15:09:55.6784395Z
    Timestamp=1018540550138
System.Web.Services.Asmx Information: 0 : Valor devuelto de Void Documentation()
    Llamador: System.Web.Services.Protocols.SyncSessionlessHandler#57195083::Invoke()
    ProcessId=42156
    LogicalOperationStack=
    ThreadId=6
    DateTime=2019-09-20T15:09:55.6794396Z
    Timestamp=1018540552902
System.Web.Services.Asmx Information: 0 : Valor devuelto de IHttpHandler.ProcessRequest
    Llamador: System.Web.Services.Protocols.SyncSessionlessHandler#57195083::ProcessRequest()
    ProcessId=42156
    LogicalOperationStack=
    ThreadId=6
    DateTime=2019-09-20T15:09:59.6118328Z
    Timestamp=1018553320585
System.Web.Services.Asmx Information: 0 : Llamando a IHttpHandlerFactory.GetHandler
    Llamador: System.Web.Services.Protocols.WebServiceHandlerFactory#15688314::GetHandler()
    Dirección del host de la solicitud: 127.0.0.1
    Nombre del host de la solicitud: gsytpieducdm100.anses.gov.ar
    Dirección URL de la solicitud: [GET] http://localhost/ESIDIFCredito/CreditoService.asmx?wsdl
    ProcessId=42156
    LogicalOperationStack=
    ThreadId=14
    DateTime=2019-09-20T15:11:30.4659173Z
    Timestamp=1018848318084
System.Web.Services.Asmx Information: 0 : Valor devuelto de IHttpHandlerFactory.GetHandler
    Llamador: System.Web.Services.Protocols.WebServiceHandlerFactory#15688314::GetHandler()
    ProcessId=42156
    LogicalOperationStack=
    ThreadId=14
    DateTime=2019-09-20T15:11:30.7779485Z
    Timestamp=1018849331471
System.Web.Services.Asmx Information: 0 : Llamando a IHttpHandler.ProcessRequest
    Llamador: System.Web.Services.Protocols.SyncSessionlessHandler#13862013::ProcessRequest()
    Dirección del host de la solicitud: 127.0.0.1
    Nombre del host de la solicitud: gsytpieducdm100.anses.gov.ar
    Dirección URL de la solicitud: [GET] http://localhost/ESIDIFCredito/CreditoService.asmx?wsdl
    ProcessId=42156
    LogicalOperationStack=
    ThreadId=14
    DateTime=2019-09-20T15:11:31.1689876Z
    Timestamp=1018850600747
System.Web.Services.Asmx Information: 0 : Llamando a Void Discover()
    Método: System.Web.Services.Protocols.DiscoveryServerProtocol#40276441::Discover()
    Llamador: System.Web.Services.Protocols.SyncSessionlessHandler#13862013::Invoke()
    ProcessId=42156
    LogicalOperationStack=
    ThreadId=14
    DateTime=2019-09-20T15:11:31.1799887Z
    Timestamp=1018850638325
System.Web.Services.Asmx Information: 0 : Valor devuelto de Void Discover()
    Llamador: System.Web.Services.Protocols.SyncSessionlessHandler#13862013::Invoke()
    ProcessId=42156
    LogicalOperationStack=
    ThreadId=14
    DateTime=2019-09-20T15:11:31.1809888Z
    Timestamp=1018850640204
System.Web.Services.Asmx Information: 0 : Valor devuelto de IHttpHandler.ProcessRequest
    Llamador: System.Web.Services.Protocols.SyncSessionlessHandler#13862013::ProcessRequest()
    ProcessId=42156
    LogicalOperationStack=
    ThreadId=14
    DateTime=2019-09-20T15:11:31.2359943Z
    Timestamp=1018850820149
System.Web.Services.Asmx Information: 0 : Llamando a IHttpHandlerFactory.GetHandler
    Llamador: System.Web.Services.Protocols.WebServiceHandlerFactory#15688314::GetHandler()
    Dirección del host de la solicitud: 127.0.0.1
    Nombre del host de la solicitud: gsytpieducdm100.anses.gov.ar
    Dirección URL de la solicitud: [POST] http://localhost/ESIDIFCredito/CreditoService.asmx
    ProcessId=42156
    LogicalOperationStack=
    ThreadId=6
    DateTime=2019-09-20T15:12:20.4949197Z
    Timestamp=1019010759767
System.Web.Services.Asmx Information: 0 : Llamando a XmlSerializer [crear XmlSerializer]
    Método: System.Xml.Serialization.XmlSerializer#60715806::FromMappings(System.Xml.Serialization.XmlMapping[]#15927932=[4], System.Security.Policy.Evidence#59256863=..)
    Llamador: System.Web.Services.Protocols.SoapServerType#40727441::.ctor(ESIDIFCredito.CreditoService#40245115=ESIDIFCredito.CreditoService, System.Web.Services.Configuration.WebServiceProtocols#57=Documentation, HttpPostLocalhost, AnyHttpSoap)
    ProcessId=42156
    LogicalOperationStack=
    ThreadId=6
    DateTime=2019-09-20T15:12:20.5249227Z
    Timestamp=1019010858296
System.Web.Services.Asmx Information: 0 : Valor devuelto de XmlSerializer [crear XmlSerializer]
    Llamador: System.Web.Services.Protocols.SoapServerType#40727441::.ctor(ESIDIFCredito.CreditoService#40245115=ESIDIFCredito.CreditoService, System.Web.Services.Configuration.WebServiceProtocols#57=Documentation, HttpPostLocalhost, AnyHttpSoap)
    ProcessId=42156
    LogicalOperationStack=
    ThreadId=6
    DateTime=2019-09-20T15:12:20.8129515Z
    Timestamp=1019011793009
System.Web.Services.Asmx Information: 0 : Llamando a SoapExtension
    Método: ESIDIFCredito.Extensions.SoapLoggerExtension#26692523::ProcessMessage(System.Web.Services.Protocols.SoapMessageStage#4=BeforeDeserialize)
    Llamador: System.Web.Services.Protocols.SoapServerMessage#35885672::RunExtensions(System.Web.Services.Protocols.SoapExtension[]#34051556=[1], System.Boolean#0=False)
    ProcessId=42156
    LogicalOperationStack=
    ThreadId=6
    DateTime=2019-09-20T15:12:20.8149517Z
    Timestamp=1019011797043
System.Web.Services.Asmx Information: 0 : Valor devuelto de SoapExtension
    Llamador: System.Web.Services.Protocols.SoapServerMessage#35885672::RunExtensions(System.Web.Services.Protocols.SoapExtension[]#34051556=[1], System.Boolean#0=False)
    ProcessId=42156
    LogicalOperationStack=
    ThreadId=6
    DateTime=2019-09-20T15:12:21.0379740Z
    Timestamp=1019012522397
System.Web.Services.Asmx Information: 0 : Llamando a RouteRequest
    Método: System.Web.Services.Protocols.SoapServerType#40727441::GetMethod(System.String#46204624="/PresupuestoCredito")
    Llamador: System.Web.Services.Protocols.Soap11ServerProtocolHelper#48983005::RouteRequest()
    Dirección del host de la solicitud: 127.0.0.1
    Nombre del host de la solicitud: gsytpieducdm100.anses.gov.ar
    Dirección URL de la solicitud: [POST] http://localhost/ESIDIFCredito/CreditoService.asmx
    ProcessId=42156
    LogicalOperationStack=
    ThreadId=6
    DateTime=2019-09-20T15:12:21.0969799Z
    Timestamp=1019012713186
System.Web.Services.Asmx Information: 0 : Valor devuelto de RouteRequest
    Llamador: System.Web.Services.Protocols.Soap11ServerProtocolHelper#48983005::RouteRequest()
    ProcessId=42156
    LogicalOperationStack=
    ThreadId=6
    DateTime=2019-09-20T15:12:21.0969799Z
    Timestamp=1019012715679
System.Web.Services.Asmx Information: 0 : Valor devuelto de IHttpHandlerFactory.GetHandler
    Llamador: System.Web.Services.Protocols.WebServiceHandlerFactory#15688314::GetHandler()
    ProcessId=42156
    LogicalOperationStack=
    ThreadId=6
    DateTime=2019-09-20T15:12:21.0979800Z
    Timestamp=1019012718349
System.Web.Services.Asmx Information: 0 : Llamando a IHttpHandler.ProcessRequest
    Llamador: System.Web.Services.Protocols.SyncSessionlessHandler#11221016::ProcessRequest()
    Dirección del host de la solicitud: 127.0.0.1
    Nombre del host de la solicitud: gsytpieducdm100.anses.gov.ar
    Dirección URL de la solicitud: [POST] http://localhost/ESIDIFCredito/CreditoService.asmx
    ProcessId=42156
    LogicalOperationStack=
    ThreadId=6
    DateTime=2019-09-20T15:12:21.0989801Z
    Timestamp=1019012722220
System.Web.Services.Asmx Information: 0 : Llamando a XmlSerializer [leer encabezados SOAP]
    Método: Microsoft.Xml.Serialization.GeneratedAssembly.ArrayOfObjectSerializer2#56974020::Deserialize(System.Web.Services.Protocols.SoapServerProtocol+SoapEnvelopeReader#41633851=.., (null))
    Llamador: System.Web.Services.Protocols.SoapHeaderHandling#66530998::ReadHeaders()
    ProcessId=42156
    LogicalOperationStack=
    ThreadId=6
    DateTime=2019-09-20T15:12:21.1589861Z
    Timestamp=1019012915347
System.Web.Services.Asmx Information: 0 : Valor devuelto de XmlSerializer [leer encabezados SOAP]
    Llamador: System.Web.Services.Protocols.SoapHeaderHandling#66530998::ReadHeaders()
    ProcessId=42156
    LogicalOperationStack=
    ThreadId=6
    DateTime=2019-09-20T15:12:21.1889891Z
    Timestamp=1019013014421
System.Web.Services.Asmx Information: 0 : Llamando a XmlSerializer [leer solicitud]
    Método: Microsoft.Xml.Serialization.GeneratedAssembly.ArrayOfObjectSerializer#50350770::Deserialize(System.Web.Services.Protocols.SoapServerProtocol+SoapEnvelopeReader#41633851=.., (null))
    Llamador: System.Web.Services.Protocols.SoapServerProtocol#50886210::ReadParameters()
    ProcessId=42156
    LogicalOperationStack=
    ThreadId=6
    DateTime=2019-09-20T15:12:21.1899892Z
    Timestamp=1019013016800
System.Web.Services.Asmx Information: 0 : Valor devuelto de XmlSerializer [leer solicitud]
    Llamador: System.Web.Services.Protocols.SoapServerProtocol#50886210::ReadParameters()
    ProcessId=42156
    LogicalOperationStack=
    ThreadId=6
    DateTime=2019-09-20T15:12:21.2309933Z
    Timestamp=1019013150450
System.Web.Services.Asmx Information: 0 : Llamando a SoapExtension
    Método: ESIDIFCredito.Extensions.SoapLoggerExtension#26692523::ProcessMessage(System.Web.Services.Protocols.SoapMessageStage#8=AfterDeserialize)
    Llamador: System.Web.Services.Protocols.SoapServerMessage#35885672::RunExtensions(System.Web.Services.Protocols.SoapExtension[]#34051556=[1], System.Boolean#1=True)
    ProcessId=42156
    LogicalOperationStack=
    ThreadId=6
    DateTime=2019-09-20T15:12:22.2490951Z
    Timestamp=1019016455601
System.Web.Services.Asmx Information: 0 : Valor devuelto de SoapExtension
    Llamador: System.Web.Services.Protocols.SoapServerMessage#35885672::RunExtensions(System.Web.Services.Protocols.SoapExtension[]#34051556=[1], System.Boolean#1=True)
    ProcessId=42156
    LogicalOperationStack=
    ThreadId=6
    DateTime=2019-09-20T15:12:22.2500952Z
    Timestamp=1019016457556
System.Web.Services.Asmx Information: 0 : Llamando a ESIDIFCredito.Models.EOuput PresupuestoCredito(ESIDIFCredito.Models.ZfmWsCredito)
    Método: ESIDIFCredito.CreditoService#2358652::PresupuestoCredito(ESIDIFCredito.Models.ZfmWsCredito#1292050=..)
    Llamador: System.Web.Services.Protocols.SyncSessionlessHandler#11221016::Invoke()
    ProcessId=42156
    LogicalOperationStack=
    ThreadId=6
    DateTime=2019-09-20T15:12:22.4591161Z
    Timestamp=1019017136465
System.Web.Services.Asmx Information: 0 : Valor devuelto de ESIDIFCredito.Models.EOuput PresupuestoCredito(ESIDIFCredito.Models.ZfmWsCredito)
    Llamador: System.Web.Services.Protocols.SyncSessionlessHandler#11221016::Invoke()
    ProcessId=42156
    LogicalOperationStack=
    ThreadId=6
    DateTime=2019-09-20T15:15:11.7190404Z
    Timestamp=1019566711596
System.Web.Services.Asmx Information: 0 : Llamando a SoapExtension
    Método: ESIDIFCredito.Extensions.SoapLoggerExtension#26692523::ProcessMessage(System.Web.Services.Protocols.SoapMessageStage#1=BeforeSerialize)
    Llamador: System.Web.Services.Protocols.SoapServerMessage#35885672::RunExtensions(System.Web.Services.Protocols.SoapExtension[]#34051556=[1], System.Boolean#1=True)
    ProcessId=42156
    LogicalOperationStack=
    ThreadId=6
    DateTime=2019-09-20T15:15:11.7200405Z
    Timestamp=1019566715037
System.Web.Services.Asmx Information: 0 : Valor devuelto de SoapExtension
    Llamador: System.Web.Services.Protocols.SoapServerMessage#35885672::RunExtensions(System.Web.Services.Protocols.SoapExtension[]#34051556=[1], System.Boolean#1=True)
    ProcessId=42156
    LogicalOperationStack=
    ThreadId=6
    DateTime=2019-09-20T15:15:11.7210406Z
    Timestamp=1019566718443
System.Web.Services.Asmx Information: 0 : Llamando a XmlSerializer [escribir respuesta]
    Método: Microsoft.Xml.Serialization.GeneratedAssembly.ArrayOfObjectSerializer1#45327753::Serialize(System.Xml.XmlTextWriter#39436424=.., System.Object[]#2805613=[1], (null), (null))
    Llamador: System.Web.Services.Protocols.SoapServerProtocol#50886210::WriteReturns()
    ProcessId=42156
    LogicalOperationStack=
    ThreadId=6
    DateTime=2019-09-20T15:15:11.7220407Z
    Timestamp=1019566722632
System.Web.Services.Asmx Information: 0 : Valor devuelto de XmlSerializer [escribir respuesta]
    Llamador: System.Web.Services.Protocols.SoapServerProtocol#50886210::WriteReturns()
    ProcessId=42156
    LogicalOperationStack=
    ThreadId=6
    DateTime=2019-09-20T15:15:11.7240409Z
    Timestamp=1019566728753
System.Web.Services.Asmx Information: 0 : Llamando a SoapExtension
    Método: ESIDIFCredito.Extensions.SoapLoggerExtension#26692523::ProcessMessage(System.Web.Services.Protocols.SoapMessageStage#2=AfterSerialize)
    Llamador: System.Web.Services.Protocols.SoapServerMessage#35885672::RunExtensions(System.Web.Services.Protocols.SoapExtension[]#34051556=[1], System.Boolean#1=True)
    ProcessId=42156
    LogicalOperationStack=
    ThreadId=6
    DateTime=2019-09-20T15:15:11.7250410Z
    Timestamp=1019566732004
System.Web.Services.Asmx Information: 0 : Valor devuelto de SoapExtension
    Llamador: System.Web.Services.Protocols.SoapServerMessage#35885672::RunExtensions(System.Web.Services.Protocols.SoapExtension[]#34051556=[1], System.Boolean#1=True)
    ProcessId=42156
    LogicalOperationStack=
    ThreadId=6
    DateTime=2019-09-20T15:15:11.7270412Z
    Timestamp=1019566738544
System.Web.Services.Asmx Information: 0 : Valor devuelto de IHttpHandler.ProcessRequest
    Llamador: System.Web.Services.Protocols.SyncSessionlessHandler#11221016::ProcessRequest()
    ProcessId=42156
    LogicalOperationStack=
    ThreadId=6
    DateTime=2019-09-20T15:15:11.7280413Z
    Timestamp=1019566741981
System.Web.Services.Asmx Information: 0 : Llamando a IHttpHandlerFactory.GetHandler
    Llamador: System.Web.Services.Protocols.WebServiceHandlerFactory#15688314::GetHandler()
    Dirección del host de la solicitud: 127.0.0.1
    Nombre del host de la solicitud: gsytpieducdm100.anses.gov.ar
    Dirección URL de la solicitud: [POST] http://localhost/ESIDIFCredito/CreditoService.asmx
    ProcessId=42156
    LogicalOperationStack=
    ThreadId=11
    DateTime=2019-09-20T15:17:34.1392810Z
    Timestamp=1020029140948
System.Web.Services.Asmx Information: 0 : Llamando a SoapExtension
    Método: ESIDIFCredito.Extensions.SoapLoggerExtension#46341857::ProcessMessage(System.Web.Services.Protocols.SoapMessageStage#4=BeforeDeserialize)
    Llamador: System.Web.Services.Protocols.SoapServerMessage#56158503::RunExtensions(System.Web.Services.Protocols.SoapExtension[]#303233=[1], System.Boolean#0=False)
    ProcessId=42156
    LogicalOperationStack=
    ThreadId=11
    DateTime=2019-09-20T15:17:34.1402811Z
    Timestamp=1020029143842
System.Web.Services.Asmx Information: 0 : Valor devuelto de SoapExtension
    Llamador: System.Web.Services.Protocols.SoapServerMessage#56158503::RunExtensions(System.Web.Services.Protocols.SoapExtension[]#303233=[1], System.Boolean#0=False)
    ProcessId=42156
    LogicalOperationStack=
    ThreadId=11
    DateTime=2019-09-20T15:17:34.1412812Z
    Timestamp=1020029148806
System.Web.Services.Asmx Information: 0 : Llamando a RouteRequest
    Método: System.Web.Services.Protocols.SoapServerType#40727441::GetMethod(System.String#46204624="/PresupuestoCredito")
    Llamador: System.Web.Services.Protocols.Soap11ServerProtocolHelper#14858453::RouteRequest()
    Dirección del host de la solicitud: 127.0.0.1
    Nombre del host de la solicitud: gsytpieducdm100.anses.gov.ar
    Dirección URL de la solicitud: [POST] http://localhost/ESIDIFCredito/CreditoService.asmx
    ProcessId=42156
    LogicalOperationStack=
    ThreadId=11
    DateTime=2019-09-20T15:17:34.1422813Z
    Timestamp=1020029151449
System.Web.Services.Asmx Information: 0 : Valor devuelto de RouteRequest
    Llamador: System.Web.Services.Protocols.Soap11ServerProtocolHelper#14858453::RouteRequest()
    ProcessId=42156
    LogicalOperationStack=
    ThreadId=11
    DateTime=2019-09-20T15:17:34.1432814Z
    Timestamp=1020029154680
System.Web.Services.Asmx Information: 0 : Valor devuelto de IHttpHandlerFactory.GetHandler
    Llamador: System.Web.Services.Protocols.WebServiceHandlerFactory#15688314::GetHandler()
    ProcessId=42156
    LogicalOperationStack=
    ThreadId=11
    DateTime=2019-09-20T15:17:34.1692840Z
    Timestamp=1020029236991
System.Web.Services.Asmx Information: 0 : Llamando a IHttpHandler.ProcessRequest
    Llamador: System.Web.Services.Protocols.SyncSessionlessHandler#56975557::ProcessRequest()
    Dirección del host de la solicitud: 127.0.0.1
    Nombre del host de la solicitud: gsytpieducdm100.anses.gov.ar
    Dirección URL de la solicitud: [POST] http://localhost/ESIDIFCredito/CreditoService.asmx
    ProcessId=42156
    LogicalOperationStack=
    ThreadId=11
    DateTime=2019-09-20T15:17:34.1702841Z
    Timestamp=1020029242499
System.Web.Services.Asmx Information: 0 : Llamando a XmlSerializer [leer encabezados SOAP]
    Método: Microsoft.Xml.Serialization.GeneratedAssembly.ArrayOfObjectSerializer2#56974020::Deserialize(System.Web.Services.Protocols.SoapServerProtocol+SoapEnvelopeReader#40338869=.., (null))
    Llamador: System.Web.Services.Protocols.SoapHeaderHandling#30447563::ReadHeaders()
    ProcessId=42156
    LogicalOperationStack=
    ThreadId=11
    DateTime=2019-09-20T15:17:34.1712842Z
    Timestamp=1020029244871
System.Web.Services.Asmx Information: 0 : Valor devuelto de XmlSerializer [leer encabezados SOAP]
    Llamador: System.Web.Services.Protocols.SoapHeaderHandling#30447563::ReadHeaders()
    ProcessId=42156
    LogicalOperationStack=
    ThreadId=11
    DateTime=2019-09-20T15:17:34.1722843Z
    Timestamp=1020029247059
System.Web.Services.Asmx Information: 0 : Llamando a XmlSerializer [leer solicitud]
    Método: Microsoft.Xml.Serialization.GeneratedAssembly.ArrayOfObjectSerializer#50350770::Deserialize(System.Web.Services.Protocols.SoapServerProtocol+SoapEnvelopeReader#40338869=.., (null))
    Llamador: System.Web.Services.Protocols.SoapServerProtocol#15535593::ReadParameters()
    ProcessId=42156
    LogicalOperationStack=
    ThreadId=11
    DateTime=2019-09-20T15:17:34.1722843Z
    Timestamp=1020029249116
System.Web.Services.Asmx Warning: 0 : No se esperaba el elemento en este contexto: <ICuilUser>..</ICuilUser>. No se esperaban elementos en este ámbito.
    ProcessId=42156
    LogicalOperationStack=
    ThreadId=11
    DateTime=2019-09-20T15:17:34.1992870Z
    Timestamp=1020029335836
System.Web.Services.Asmx Warning: 0 : No se esperaba el elemento en este contexto: <IIpUser>..</IIpUser>. No se esperaban elementos en este ámbito.
    ProcessId=42156
    LogicalOperationStack=
    ThreadId=11
    DateTime=2019-09-20T15:17:34.2002871Z
    Timestamp=1020029338588
System.Web.Services.Asmx Warning: 0 : No se esperaba el elemento en este contexto: <ItEntradaCredito>..</ItEntradaCredito>. No se esperaban elementos en este ámbito.
    ProcessId=42156
    LogicalOperationStack=
    ThreadId=11
    DateTime=2019-09-20T15:17:34.2292900Z
    Timestamp=1020029432693
System.Web.Services.Asmx Warning: 0 : No se esperaba el elemento en este contexto: <ItEntradaRecurso>..</ItEntradaRecurso>. No se esperaban elementos en este ámbito.
    ProcessId=42156
    LogicalOperationStack=
    ThreadId=11
    DateTime=2019-09-20T15:17:34.2302901Z
    Timestamp=1020029435013
System.Web.Services.Asmx Information: 0 : Valor devuelto de XmlSerializer [leer solicitud]
    Llamador: System.Web.Services.Protocols.SoapServerProtocol#15535593::ReadParameters()
    ProcessId=42156
    LogicalOperationStack=
    ThreadId=11
    DateTime=2019-09-20T15:17:34.2302901Z
    Timestamp=1020029437067
System.Web.Services.Asmx Information: 0 : Llamando a SoapExtension
    Método: ESIDIFCredito.Extensions.SoapLoggerExtension#46341857::ProcessMessage(System.Web.Services.Protocols.SoapMessageStage#8=AfterDeserialize)
    Llamador: System.Web.Services.Protocols.SoapServerMessage#56158503::RunExtensions(System.Web.Services.Protocols.SoapExtension[]#303233=[1], System.Boolean#1=True)
    ProcessId=42156
    LogicalOperationStack=
    ThreadId=11
    DateTime=2019-09-20T15:17:34.2312902Z
    Timestamp=1020029439400
System.Web.Services.Asmx Information: 0 : Valor devuelto de SoapExtension
    Llamador: System.Web.Services.Protocols.SoapServerMessage#56158503::RunExtensions(System.Web.Services.Protocols.SoapExtension[]#303233=[1], System.Boolean#1=True)
    ProcessId=42156
    LogicalOperationStack=
    ThreadId=11
    DateTime=2019-09-20T15:17:34.2322903Z
    Timestamp=1020029441402
System.Web.Services.Asmx Information: 0 : Llamando a ESIDIFCredito.Models.EOuput PresupuestoCredito(ESIDIFCredito.Models.ZfmWsCredito)
    Método: ESIDIFCredito.CreditoService#23046580::PresupuestoCredito(ESIDIFCredito.Models.ZfmWsCredito#55540624=..)
    Llamador: System.Web.Services.Protocols.SyncSessionlessHandler#56975557::Invoke()
    ProcessId=42156
    LogicalOperationStack=
    ThreadId=11
    DateTime=2019-09-20T15:17:34.2322903Z
    Timestamp=1020029443559
System.Web.Services.Asmx Information: 0 : Valor devuelto de ESIDIFCredito.Models.EOuput PresupuestoCredito(ESIDIFCredito.Models.ZfmWsCredito)
    Llamador: System.Web.Services.Protocols.SyncSessionlessHandler#56975557::Invoke()
    ProcessId=42156
    LogicalOperationStack=
    ThreadId=11
    DateTime=2019-09-20T15:20:05.7794435Z
    Timestamp=1020521505521
System.Web.Services.Asmx Information: 0 : Llamando a SoapExtension
    Método: ESIDIFCredito.Extensions.SoapLoggerExtension#46341857::ProcessMessage(System.Web.Services.Protocols.SoapMessageStage#1=BeforeSerialize)
    Llamador: System.Web.Services.Protocols.SoapServerMessage#56158503::RunExtensions(System.Web.Services.Protocols.SoapExtension[]#303233=[1], System.Boolean#1=True)
    ProcessId=42156
    LogicalOperationStack=
    ThreadId=11
    DateTime=2019-09-20T15:20:05.7804436Z
    Timestamp=1020521508846
System.Web.Services.Asmx Information: 0 : Valor devuelto de SoapExtension
    Llamador: System.Web.Services.Protocols.SoapServerMessage#56158503::RunExtensions(System.Web.Services.Protocols.SoapExtension[]#303233=[1], System.Boolean#1=True)
    ProcessId=42156
    LogicalOperationStack=
    ThreadId=11
    DateTime=2019-09-20T15:20:05.7814437Z
    Timestamp=1020521512200
System.Web.Services.Asmx Information: 0 : Llamando a XmlSerializer [escribir respuesta]
    Método: Microsoft.Xml.Serialization.GeneratedAssembly.ArrayOfObjectSerializer1#45327753::Serialize(System.Xml.XmlTextWriter#31609622=.., System.Object[]#5367625=[1], (null), (null))
    Llamador: System.Web.Services.Protocols.SoapServerProtocol#15535593::WriteReturns()
    ProcessId=42156
    LogicalOperationStack=
    ThreadId=11
    DateTime=2019-09-20T15:20:05.7824438Z
    Timestamp=1020521515660
System.Web.Services.Asmx Information: 0 : Valor devuelto de XmlSerializer [escribir respuesta]
    Llamador: System.Web.Services.Protocols.SoapServerProtocol#15535593::WriteReturns()
    ProcessId=42156
    LogicalOperationStack=
    ThreadId=11
    DateTime=2019-09-20T15:20:05.7834439Z
    Timestamp=1020521518920
System.Web.Services.Asmx Information: 0 : Llamando a SoapExtension
    Método: ESIDIFCredito.Extensions.SoapLoggerExtension#46341857::ProcessMessage(System.Web.Services.Protocols.SoapMessageStage#2=AfterSerialize)
    Llamador: System.Web.Services.Protocols.SoapServerMessage#56158503::RunExtensions(System.Web.Services.Protocols.SoapExtension[]#303233=[1], System.Boolean#1=True)
    ProcessId=42156
    LogicalOperationStack=
    ThreadId=11
    DateTime=2019-09-20T15:20:05.7844440Z
    Timestamp=1020521522730
System.Web.Services.Asmx Information: 0 : Valor devuelto de SoapExtension
    Llamador: System.Web.Services.Protocols.SoapServerMessage#56158503::RunExtensions(System.Web.Services.Protocols.SoapExtension[]#303233=[1], System.Boolean#1=True)
    ProcessId=42156
    LogicalOperationStack=
    ThreadId=11
    DateTime=2019-09-20T15:20:05.7864442Z
    Timestamp=1020521527409
System.Web.Services.Asmx Information: 0 : Valor devuelto de IHttpHandler.ProcessRequest
    Llamador: System.Web.Services.Protocols.SyncSessionlessHandler#56975557::ProcessRequest()
    ProcessId=42156
    LogicalOperationStack=
    ThreadId=11
    DateTime=2019-09-20T15:20:05.7874443Z
    Timestamp=1020521530521
System.Web.Services.Asmx Information: 0 : Llamando a IHttpHandlerFactory.GetHandler
    Llamador: System.Web.Services.Protocols.WebServiceHandlerFactory#15688314::GetHandler()
    Dirección del host de la solicitud: 127.0.0.1
    Nombre del host de la solicitud: gsytpieducdm100.anses.gov.ar
    Dirección URL de la solicitud: [POST] http://localhost/ESIDIFCredito/CreditoService.asmx
    ProcessId=42156
    LogicalOperationStack=
    ThreadId=11
    DateTime=2019-09-20T15:20:36.7485401Z
    Timestamp=1020622060558
System.Web.Services.Asmx Information: 0 : Llamando a SoapExtension
    Método: ESIDIFCredito.Extensions.SoapLoggerExtension#1321805::ProcessMessage(System.Web.Services.Protocols.SoapMessageStage#4=BeforeDeserialize)
    Llamador: System.Web.Services.Protocols.SoapServerMessage#64768491::RunExtensions(System.Web.Services.Protocols.SoapExtension[]#19539486=[1], System.Boolean#0=False)
    ProcessId=42156
    LogicalOperationStack=
    ThreadId=11
    DateTime=2019-09-20T15:20:36.7495402Z
    Timestamp=1020622062914
System.Web.Services.Asmx Information: 0 : Valor devuelto de SoapExtension
    Llamador: System.Web.Services.Protocols.SoapServerMessage#64768491::RunExtensions(System.Web.Services.Protocols.SoapExtension[]#19539486=[1], System.Boolean#0=False)
    ProcessId=42156
    LogicalOperationStack=
    ThreadId=11
    DateTime=2019-09-20T15:20:36.7505403Z
    Timestamp=1020622067345
System.Web.Services.Asmx Information: 0 : Llamando a RouteRequest
    Método: System.Web.Services.Protocols.SoapServerType#40727441::GetMethod(System.String#46204624="/PresupuestoCredito")
    Llamador: System.Web.Services.Protocols.Soap11ServerProtocolHelper#17910729::RouteRequest()
    Dirección del host de la solicitud: 127.0.0.1
    Nombre del host de la solicitud: gsytpieducdm100.anses.gov.ar
    Dirección URL de la solicitud: [POST] http://localhost/ESIDIFCredito/CreditoService.asmx
    ProcessId=42156
    LogicalOperationStack=
    ThreadId=11
    DateTime=2019-09-20T15:20:36.7555408Z
    Timestamp=1020622082612
System.Web.Services.Asmx Information: 0 : Valor devuelto de RouteRequest
    Llamador: System.Web.Services.Protocols.Soap11ServerProtocolHelper#17910729::RouteRequest()
    ProcessId=42156
    LogicalOperationStack=
    ThreadId=11
    DateTime=2019-09-20T15:20:36.7635416Z
    Timestamp=1020622108757
System.Web.Services.Asmx Information: 0 : Valor devuelto de IHttpHandlerFactory.GetHandler
    Llamador: System.Web.Services.Protocols.WebServiceHandlerFactory#15688314::GetHandler()
    ProcessId=42156
    LogicalOperationStack=
    ThreadId=11
    DateTime=2019-09-20T15:20:36.7645417Z
    Timestamp=1020622111260
System.Web.Services.Asmx Information: 0 : Llamando a IHttpHandler.ProcessRequest
    Llamador: System.Web.Services.Protocols.SyncSessionlessHandler#5210513::ProcessRequest()
    Dirección del host de la solicitud: 127.0.0.1
    Nombre del host de la solicitud: gsytpieducdm100.anses.gov.ar
    Dirección URL de la solicitud: [POST] http://localhost/ESIDIFCredito/CreditoService.asmx
    ProcessId=42156
    LogicalOperationStack=
    ThreadId=11
    DateTime=2019-09-20T15:20:36.7655418Z
    Timestamp=1020622116026
System.Web.Services.Asmx Information: 0 : Llamando a XmlSerializer [leer encabezados SOAP]
    Método: Microsoft.Xml.Serialization.GeneratedAssembly.ArrayOfObjectSerializer2#56974020::Deserialize(System.Web.Services.Protocols.SoapServerProtocol+SoapEnvelopeReader#53988570=.., (null))
    Llamador: System.Web.Services.Protocols.SoapHeaderHandling#28194247::ReadHeaders()
    ProcessId=42156
    LogicalOperationStack=
    ThreadId=11
    DateTime=2019-09-20T15:20:36.7665419Z
    Timestamp=1020622118172
System.Web.Services.Asmx Information: 0 : Valor devuelto de XmlSerializer [leer encabezados SOAP]
    Llamador: System.Web.Services.Protocols.SoapHeaderHandling#28194247::ReadHeaders()
    ProcessId=42156
    LogicalOperationStack=
    ThreadId=11
    DateTime=2019-09-20T15:20:36.7665419Z
    Timestamp=1020622120072
System.Web.Services.Asmx Information: 0 : Llamando a XmlSerializer [leer solicitud]
    Método: Microsoft.Xml.Serialization.GeneratedAssembly.ArrayOfObjectSerializer#50350770::Deserialize(System.Web.Services.Protocols.SoapServerProtocol+SoapEnvelopeReader#53988570=.., (null))
    Llamador: System.Web.Services.Protocols.SoapServerProtocol#39340862::ReadParameters()
    ProcessId=42156
    LogicalOperationStack=
    ThreadId=11
    DateTime=2019-09-20T15:20:36.7675420Z
    Timestamp=1020622121989
System.Web.Services.Asmx Information: 0 : Valor devuelto de XmlSerializer [leer solicitud]
    Llamador: System.Web.Services.Protocols.SoapServerProtocol#39340862::ReadParameters()
    ProcessId=42156
    LogicalOperationStack=
    ThreadId=11
    DateTime=2019-09-20T15:20:36.7925445Z
    Timestamp=1020622202253
System.Web.Services.Asmx Information: 0 : Llamando a SoapExtension
    Método: ESIDIFCredito.Extensions.SoapLoggerExtension#1321805::ProcessMessage(System.Web.Services.Protocols.SoapMessageStage#8=AfterDeserialize)
    Llamador: System.Web.Services.Protocols.SoapServerMessage#64768491::RunExtensions(System.Web.Services.Protocols.SoapExtension[]#19539486=[1], System.Boolean#1=True)
    ProcessId=42156
    LogicalOperationStack=
    ThreadId=11
    DateTime=2019-09-20T15:20:36.7935446Z
    Timestamp=1020622206656
System.Web.Services.Asmx Information: 0 : Valor devuelto de SoapExtension
    Llamador: System.Web.Services.Protocols.SoapServerMessage#64768491::RunExtensions(System.Web.Services.Protocols.SoapExtension[]#19539486=[1], System.Boolean#1=True)
    ProcessId=42156
    LogicalOperationStack=
    ThreadId=11
    DateTime=2019-09-20T15:20:36.7945447Z
    Timestamp=1020622208638
System.Web.Services.Asmx Information: 0 : Llamando a ESIDIFCredito.Models.EOuput PresupuestoCredito(ESIDIFCredito.Models.ZfmWsCredito)
    Método: ESIDIFCredito.CreditoService#48654049::PresupuestoCredito(ESIDIFCredito.Models.ZfmWsCredito#35238164=..)
    Llamador: System.Web.Services.Protocols.SyncSessionlessHandler#5210513::Invoke()
    ProcessId=42156
    LogicalOperationStack=
    ThreadId=11
    DateTime=2019-09-20T15:20:36.7945447Z
    Timestamp=1020622210507
System.Web.Services.Asmx Information: 0 : Valor devuelto de ESIDIFCredito.Models.EOuput PresupuestoCredito(ESIDIFCredito.Models.ZfmWsCredito)
    Llamador: System.Web.Services.Protocols.SyncSessionlessHandler#5210513::Invoke()
    ProcessId=42156
    LogicalOperationStack=
    ThreadId=11
    DateTime=2019-09-20T15:20:59.7418392Z
    Timestamp=1020696718475
System.Web.Services.Asmx Information: 0 : Llamando a SoapExtension
    Método: ESIDIFCredito.Extensions.SoapLoggerExtension#1321805::ProcessMessage(System.Web.Services.Protocols.SoapMessageStage#1=BeforeSerialize)
    Llamador: System.Web.Services.Protocols.SoapServerMessage#64768491::RunExtensions(System.Web.Services.Protocols.SoapExtension[]#19539486=[1], System.Boolean#1=True)
    ProcessId=42156
    LogicalOperationStack=
    ThreadId=11
    DateTime=2019-09-20T15:20:59.7428393Z
    Timestamp=1020696720389
System.Web.Services.Asmx Information: 0 : Valor devuelto de SoapExtension
    Llamador: System.Web.Services.Protocols.SoapServerMessage#64768491::RunExtensions(System.Web.Services.Protocols.SoapExtension[]#19539486=[1], System.Boolean#1=True)
    ProcessId=42156
    LogicalOperationStack=
    ThreadId=11
    DateTime=2019-09-20T15:20:59.7428393Z
    Timestamp=1020696722182
System.Web.Services.Asmx Information: 0 : Llamando a XmlSerializer [escribir respuesta]
    Método: Microsoft.Xml.Serialization.GeneratedAssembly.ArrayOfObjectSerializer1#45327753::Serialize(System.Xml.XmlTextWriter#53956282=.., System.Object[]#26612158=[1], (null), (null))
    Llamador: System.Web.Services.Protocols.SoapServerProtocol#39340862::WriteReturns()
    ProcessId=42156
    LogicalOperationStack=
    ThreadId=11
    DateTime=2019-09-20T15:20:59.7438394Z
    Timestamp=1020696724107
System.Web.Services.Asmx Information: 0 : Valor devuelto de XmlSerializer [escribir respuesta]
    Llamador: System.Web.Services.Protocols.SoapServerProtocol#39340862::WriteReturns()
    ProcessId=42156
    LogicalOperationStack=
    ThreadId=11
    DateTime=2019-09-20T15:20:59.7438394Z
    Timestamp=1020696725971
System.Web.Services.Asmx Information: 0 : Llamando a SoapExtension
    Método: ESIDIFCredito.Extensions.SoapLoggerExtension#1321805::ProcessMessage(System.Web.Services.Protocols.SoapMessageStage#2=AfterSerialize)
    Llamador: System.Web.Services.Protocols.SoapServerMessage#64768491::RunExtensions(System.Web.Services.Protocols.SoapExtension[]#19539486=[1], System.Boolean#1=True)
    ProcessId=42156
    LogicalOperationStack=
    ThreadId=11
    DateTime=2019-09-20T15:20:59.7448395Z
    Timestamp=1020696727895
System.Web.Services.Asmx Information: 0 : Valor devuelto de SoapExtension
    Llamador: System.Web.Services.Protocols.SoapServerMessage#64768491::RunExtensions(System.Web.Services.Protocols.SoapExtension[]#19539486=[1], System.Boolean#1=True)
    ProcessId=42156
    LogicalOperationStack=
    ThreadId=11
    DateTime=2019-09-20T15:20:59.7598410Z
    Timestamp=1020696777654
System.Web.Services.Asmx Information: 0 : Valor devuelto de IHttpHandler.ProcessRequest
    Llamador: System.Web.Services.Protocols.SyncSessionlessHandler#5210513::ProcessRequest()
    ProcessId=42156
    LogicalOperationStack=
    ThreadId=11
    DateTime=2019-09-20T15:20:59.7608411Z
    Timestamp=1020696779687
