2019-09-16 10:36:07,791 [4] INFO  ESIDIFCRGOV.CRGOVService [(null)] - REQUEST METHOD: POST, REQUEST BODY: <soapenv:Envelope xmlns:soapenv="http://schemas.xmlsoap.org/soap/envelope/" xmlns:com="https://ws-si.mecon.gov.ar/ws/comprobantesCrgOvMsg" xmlns:com1="https://ws-si.mecon.gov.ar/ws/comprobantesCrg" xmlns:com2="https://ws-si.mecon.gov.ar/ws/comprobantes" xmlns:arr="http://schemas.microsoft.com/2003/10/Serialization/Arrays">
   <soapenv:Header/>
   <soapenv:Body>
      <com:generarCrgOv>
<com:crgOvRequest>
			<com:cabeceraCrg>
				<com1:gestionExterna>ANSES</com1:gestionExterna>
				<com1:identificacionComprobante>
					<com1:entidadEmisora>850</com1:entidadEmisora>
					<com1:entidadProceso>850</com1:entidadProceso>
					<com1:numero>800600</com1:numero>
					<com1:ejercicio>2019</com1:ejercicio>
					<com1:tipoComprobante>CRG</com1:tipoComprobante>
				</com1:identificacionComprobante>
				<com1:fechaRegistro>2019-07-04</com1:fechaRegistro>
				<com1:fechaComprobante>2019-07-04</com1:fechaComprobante>
				<com1:fechaAutorizacion>2019-07-04</com1:fechaAutorizacion>
				<com1:importeMO>100</com1:importeMO>
				<com1:importeMCL>100</com1:importeMCL>
				<com1:cotizacion>
					<com2:tipoMoneda>ARP</com2:tipoMoneda>
					<com2:valor>1</com2:valor>
				</com1:cotizacion>
				<com1:beneficiario>1036</com1:beneficiario>
				<com1:medioDePago>OV</com1:medioDePago>
			</com:cabeceraCrg>
			<com:comprobanteVinculo>
				<com1:marcaInicioVinculo>0</com1:marcaInicioVinculo>
				<com1:tipoOperacionVinculada>OV</com1:tipoOperacionVinculada>
				<com1:ejercicioOperacionVinculada>2019
				</com1:ejercicioOperacionVinculada>
				<com1:numeroOperacionVinculada>19</com1:numeroOperacionVinculada>
			</com:comprobanteVinculo>
			<com:observaciones>Test</com:observaciones>
			<com:itemsPresupuestarios>
               <com1:ItemPresupuestarioCRGType>
				<com1:imputacion>
					<com2:ejercicio>2019</com2:ejercicio>
					<com2:servicio>850</com2:servicio>
					<com2:aperturaProg>1.0.0.1.0</com2:aperturaProg>
					<com2:objetoGasto>2.1.1.0</com2:objetoGasto>
					<com2:fuente>1.2</com2:fuente>
					<com2:moneda>1</com2:moneda>
					<com2:ug>2</com2:ug>
				</com1:imputacion>
				<com1:ejercicio>2019</com1:ejercicio>
				<com1:ud>
					<com2:codigo>850</com2:codigo>
				</com1:ud>
				<com1:importeMO>100</com1:importeMO>
				<com1:importeMCL>100</com1:importeMCL>

               </com1:ItemPresupuestarioCRGType>
			</com:itemsPresupuestarios>
		</com:crgOvRequest>
      </com:generarCrgOv>
   </soapenv:Body>
</soapenv:Envelope>, REQUEST URL: http://localhost/ESIDIFCRGOV/generarCrgOvService.asmx
2019-09-16 10:36:07,857 [4] INFO  ESIDIFCRGOV.CRGOVService [(null)] - Consulta SAP - Servicio: 
<soapenv:Envelope xmlns:soapenv="http://schemas.xmlsoap.org/soap/envelope/" xmlns:com="https://ws-si.mecon.gov.ar/ws/comprobantesCrgOvMsg" xmlns:com1="https://ws-si.mecon.gov.ar/ws/comprobantesCrg" xmlns:com2="https://ws-si.mecon.gov.ar/ws/comprobantes" xmlns:arr="http://schemas.microsoft.com/2003/10/Serialization/Arrays">
  <soapenv:Header />
  <soapenv:Body>
    <com:generarCrgOv>
      <com:crgOvRequest>
        <com:cabeceraCrg>
          <com1:gestionExterna>ANSES</com1:gestionExterna>
          <com1:identificacionComprobante>
            <com1:entidadEmisora>850</com1:entidadEmisora>
            <com1:entidadProceso>850</com1:entidadProceso>
            <com1:numero>800600</com1:numero>
            <com1:ejercicio>2019</com1:ejercicio>
            <com1:tipoComprobante>CRG</com1:tipoComprobante>
          </com1:identificacionComprobante>
          <com1:fechaRegistro>2019-07-04</com1:fechaRegistro>
          <com1:fechaComprobante>2019-07-04</com1:fechaComprobante>
          <com1:fechaAutorizacion>2019-07-04</com1:fechaAutorizacion>
          <com1:importeMO>100</com1:importeMO>
          <com1:importeMCL>100</com1:importeMCL>
          <com1:cotizacion>
            <com2:tipoMoneda>ARP</com2:tipoMoneda>
            <com2:valor>1</com2:valor>
          </com1:cotizacion>
          <com1:beneficiario>1036</com1:beneficiario>
          <com1:medioDePago>OV</com1:medioDePago>
        </com:cabeceraCrg>
        <com:comprobanteVinculo>
          <com1:marcaInicioVinculo>0</com1:marcaInicioVinculo>
          <com1:tipoOperacionVinculada>OV</com1:tipoOperacionVinculada>
          <com1:ejercicioOperacionVinculada>2019
				</com1:ejercicioOperacionVinculada>
          <com1:numeroOperacionVinculada>19</com1:numeroOperacionVinculada>
        </com:comprobanteVinculo>
        <com:observaciones>Test</com:observaciones>
        <com:itemsPresupuestarios>
          <com1:ItemPresupuestarioCRGType>
            <com1:imputacion>
              <com2:ejercicio>2019</com2:ejercicio>
              <com2:servicio>850</com2:servicio>
              <com2:aperturaProg>1.0.0.1.0</com2:aperturaProg>
              <com2:objetoGasto>2.1.1.0</com2:objetoGasto>
              <com2:fuente>1.2</com2:fuente>
              <com2:moneda>1</com2:moneda>
              <com2:ug>2</com2:ug>
            </com1:imputacion>
            <com1:ejercicio>2019</com1:ejercicio>
            <com1:ud>
              <com2:codigo>850</com2:codigo>
            </com1:ud>
            <com1:importeMO>100</com1:importeMO>
            <com1:importeMCL>100</com1:importeMCL>
          </com1:ItemPresupuestarioCRGType>
        </com:itemsPresupuestarios>
      </com:crgOvRequest>
    </com:generarCrgOv>
  </soapenv:Body>
</soapenv:Envelope>
2019-09-16 10:39:30,642 [4] INFO  ESIDIFCRGOV.CRGOVService [(null)] - GenerarCrgOv - Ingreso
2019-09-16 10:39:30,642 [4] DEBUG ESIDIFCRGOV.CRGOVService [(null)] - GenerarCrgOv - Seteando variables de contexto.
2019-09-16 10:39:30,651 [4] DEBUG ESIDIFCRGOV.CRGOVService [(null)] - GenerarCrgOv - Seteando PROXY.
2019-09-16 10:39:30,651 [4] DEBUG ESIDIFCRGOV.CRGOVService [(null)] - GenerarCrgOv - Cargando certificado X509.
2019-09-16 10:39:30,652 [4] DEBUG ESIDIFCRGOV.CRGOVService [(null)] - GenerarCrgOv - IGNORA_ERROR_CERTI = true.
2019-09-16 10:39:30,652 [4] DEBUG ESIDIFCRGOV.CRGOVService [(null)] - GenerarCrgOv - Certificado X509 cargado exitosamente.
2019-09-16 10:39:30,652 [4] DEBUG ESIDIFCRGOV.CRGOVService [(null)] - GenerarCrgOv - Creando Bean
2019-09-16 10:39:30,654 [4] DEBUG ESIDIFCRGOV.CRGOVService [(null)] - GenerarCrgOv - Mapeando a objeto XML.
2019-09-16 10:39:30,745 [4] DEBUG ESIDIFCRGOV.CRGOVService [(null)] - GenerarCrgOv - Armando header de autenticacion
2019-09-16 10:39:30,795 [4] INFO  ESIDIFCRGOV.CRGOVService [(null)] - Consulta Servicio - ESIDIF : 
﻿<?xml version="1.0" encoding="utf-8"?>
<soapenv:Envelope xmlns:com="https://ws-si.mecon.gov.ar/ws/comprobantesCrgOvMsg" xmlns:com1="https://ws-si.mecon.gov.ar/ws/comprobantesCrg" xmlns:com2="https://ws-si.mecon.gov.ar/ws/comprobantes" xmlns:wsse="http://docs.oasis-open.org/wss/2004/01/oasis-200401-wss-wssecurity-secext-1.0.xsd" xmlns:wsu="http://docs.oasis-open.org/wss/2004/01/oasis-200401-wss-wssecurity-utility-1.0.xsd" xmlns:wsa="http://www.w3.org/2005/08/addressing" xmlns:soapenv="http://schemas.xmlsoap.org/soap/envelope/">
  <soapenv:Header>
    <wsse:Security soapenv:mustUnderstand="1">
      <wsse:UsernameToken wsu:Id="UsernameToken-1">
        <wsse:Username>SAP-850</wsse:Username>
        <wsse:Password Type="http://docs.oasis-open.org/wss/2004/01/oasis-200401-wss-username-token-profile-1.0#PasswordText">AnsesEsidif2019</wsse:Password>
      </wsse:UsernameToken>
    </wsse:Security>
    <wsa:To soapenv:mustUnderstand="1">https://tws5-si.mecon.gov.ar/SD_Core/ws</wsa:To>
    <wsa:Action>https://ws-si.mecon.gov.ar/ws/gastos/crg/crgOvService</wsa:Action>
    <wsa:MessageID>urn:uuid:02597719-486c-4ccb-a2df-d7404529a8d0</wsa:MessageID>
  </soapenv:Header>
  <soapenv:Body>
    <com:crgOvRequest>
      <com:cabeceraCrg>
        <com1:gestionExterna>ANSES</com1:gestionExterna>
        <com1:identificacionComprobante>
          <com1:entidadEmisora>850</com1:entidadEmisora>
          <com1:entidadProceso>850</com1:entidadProceso>
          <com1:numero>800600</com1:numero>
          <com1:ejercicio>2019</com1:ejercicio>
          <com1:tipoComprobante>CRG</com1:tipoComprobante>
        </com1:identificacionComprobante>
        <com1:fechaRegistro>2019-07-04</com1:fechaRegistro>
        <com1:importeMO>100</com1:importeMO>
        <com1:importeMCL>100</com1:importeMCL>
        <com1:cotizacion>
          <com2:tipoCotizacion>BNA</com2:tipoCotizacion>
          <com2:tipoMoneda>ARP</com2:tipoMoneda>
          <com2:valor>1</com2:valor>
        </com1:cotizacion>
        <com1:beneficiario>1036</com1:beneficiario>
        <com1:medioDePago>OV</com1:medioDePago>
      </com:cabeceraCrg>
      <com:comprobanteVinculo>
        <com1:marcaInicioVinculo>False</com1:marcaInicioVinculo>
        <com1:tipoOperacionVinculada>OV</com1:tipoOperacionVinculada>
        <com1:ejercicioOperacionVinculada>2019</com1:ejercicioOperacionVinculada>
        <com1:numeroOperacionVinculada>19</com1:numeroOperacionVinculada>
      </com:comprobanteVinculo>
      <com:observaciones>Test</com:observaciones>
      <com:itemsPresupuestarios>
        <com1:imputacion>
          <com2:ejercicio>2019</com2:ejercicio>
          <com2:servicio>850</com2:servicio>
          <com2:aperturaProg>1.0.0.1.0</com2:aperturaProg>
          <com2:objetoGasto>2.1.1.0</com2:objetoGasto>
          <com2:fuente>1.2</com2:fuente>
          <com2:moneda>1</com2:moneda>
          <com2:ug>2</com2:ug>
          <com2:bapin>0</com2:bapin>
          <com2:pex>0</com2:pex>
        </com1:imputacion>
        <com1:ejercicio>2019</com1:ejercicio>
        <com1:ud>
          <com2:codigo>850</com2:codigo>
        </com1:ud>
        <com1:importeMO>100</com1:importeMO>
        <com1:importeMCL>100</com1:importeMCL>
      </com:itemsPresupuestarios>
    </com:crgOvRequest>
  </soapenv:Body>
</soapenv:Envelope>
2019-09-16 10:39:31,267 [4] INFO  ESIDIFCRGOV.CRGOVService [(null)] - RESPONSE LOG: <?xml version="1.0" encoding="utf-8"?><s:Envelope xmlns:xsd="http://www.w3.org/2001/XMLSchema" xmlns:xsi="http://www.w3.org/2001/XMLSchema-instance" xmlns:s="http://schemas.xmlsoap.org/soap/envelope/"><s:Body><s:Fault><faultcode>s:Client</faultcode><faultstring>No se puede iniciar sesión</faultstring></s:Fault></s:Body></s:Envelope>
2019-09-16 10:39:31,268 [4] INFO  ESIDIFCRGOV.CRGOVService [(null)] - Respuesta Servicio - SAP: 
<s:Envelope xmlns:xsd="http://www.w3.org/2001/XMLSchema" xmlns:xsi="http://www.w3.org/2001/XMLSchema-instance" xmlns:s="http://schemas.xmlsoap.org/soap/envelope/">
  <s:Body>
    <s:Fault>
      <faultcode>s:Client</faultcode>
      <faultstring>No se puede iniciar sesión</faultstring>
    </s:Fault>
  </s:Body>
</s:Envelope>
2019-09-16 10:42:58,158 [6] INFO  ESIDIFCRGOV.CRGOVService [(null)] - REQUEST METHOD: POST, REQUEST BODY: <soapenv:Envelope xmlns:soapenv="http://schemas.xmlsoap.org/soap/envelope/" xmlns:com="https://ws-si.mecon.gov.ar/ws/comprobantesCrgOvMsg" xmlns:com1="https://ws-si.mecon.gov.ar/ws/comprobantesCrg" xmlns:com2="https://ws-si.mecon.gov.ar/ws/comprobantes" xmlns:arr="http://schemas.microsoft.com/2003/10/Serialization/Arrays">
   <soapenv:Header/>
   <soapenv:Body>
      <com:generarCrgOv>
<com:crgOvRequest>
			<com:cabeceraCrg>
				<com1:gestionExterna>ANSES</com1:gestionExterna>
				<com1:identificacionComprobante>
					<com1:entidadEmisora>850</com1:entidadEmisora>
					<com1:entidadProceso>850</com1:entidadProceso>
					<com1:numero>800600</com1:numero>
					<com1:ejercicio>2019</com1:ejercicio>
					<com1:tipoComprobante>CRG</com1:tipoComprobante>
				</com1:identificacionComprobante>
				<com1:fechaRegistro>2019-07-04</com1:fechaRegistro>
				<com1:fechaComprobante>2019-07-04</com1:fechaComprobante>
				<com1:fechaAutorizacion>2019-07-04</com1:fechaAutorizacion>
				<com1:importeMO>100</com1:importeMO>
				<com1:importeMCL>100</com1:importeMCL>
				<com1:cotizacion>
					<com2:tipoMoneda>ARP</com2:tipoMoneda>
					<com2:valor>1</com2:valor>
				</com1:cotizacion>
				<com1:beneficiario>1036</com1:beneficiario>
				<com1:medioDePago>OV</com1:medioDePago>
			</com:cabeceraCrg>
			<com:comprobanteVinculo>
				<com1:marcaInicioVinculo>0</com1:marcaInicioVinculo>
				<com1:tipoOperacionVinculada>OV</com1:tipoOperacionVinculada>
				<com1:ejercicioOperacionVinculada>2019
				</com1:ejercicioOperacionVinculada>
				<com1:numeroOperacionVinculada>19</com1:numeroOperacionVinculada>
			</com:comprobanteVinculo>
			<com:observaciones>Test</com:observaciones>
			<com:itemsPresupuestarios>
               <com1:ItemPresupuestarioCRGType>
				<com1:imputacion>
					<com2:ejercicio>2019</com2:ejercicio>
					<com2:servicio>850</com2:servicio>
					<com2:aperturaProg>1.0.0.1.0</com2:aperturaProg>
					<com2:objetoGasto>2.1.1.0</com2:objetoGasto>
					<com2:fuente>1.2</com2:fuente>
					<com2:moneda>1</com2:moneda>
					<com2:ug>2</com2:ug>
				</com1:imputacion>
				<com1:ejercicio>2019</com1:ejercicio>
				<com1:ud>
					<com2:codigo>850</com2:codigo>
				</com1:ud>
				<com1:importeMO>100</com1:importeMO>
				<com1:importeMCL>100</com1:importeMCL>

               </com1:ItemPresupuestarioCRGType>
			</com:itemsPresupuestarios>
		</com:crgOvRequest>
      </com:generarCrgOv>
   </soapenv:Body>
</soapenv:Envelope>, REQUEST URL: http://localhost/ESIDIFCRGOV/generarCrgOvService.asmx
2019-09-16 10:42:58,308 [6] INFO  ESIDIFCRGOV.CRGOVService [(null)] - Consulta SAP - Servicio: 
<soapenv:Envelope xmlns:soapenv="http://schemas.xmlsoap.org/soap/envelope/" xmlns:com="https://ws-si.mecon.gov.ar/ws/comprobantesCrgOvMsg" xmlns:com1="https://ws-si.mecon.gov.ar/ws/comprobantesCrg" xmlns:com2="https://ws-si.mecon.gov.ar/ws/comprobantes" xmlns:arr="http://schemas.microsoft.com/2003/10/Serialization/Arrays">
  <soapenv:Header />
  <soapenv:Body>
    <com:generarCrgOv>
      <com:crgOvRequest>
        <com:cabeceraCrg>
          <com1:gestionExterna>ANSES</com1:gestionExterna>
          <com1:identificacionComprobante>
            <com1:entidadEmisora>850</com1:entidadEmisora>
            <com1:entidadProceso>850</com1:entidadProceso>
            <com1:numero>800600</com1:numero>
            <com1:ejercicio>2019</com1:ejercicio>
            <com1:tipoComprobante>CRG</com1:tipoComprobante>
          </com1:identificacionComprobante>
          <com1:fechaRegistro>2019-07-04</com1:fechaRegistro>
          <com1:fechaComprobante>2019-07-04</com1:fechaComprobante>
          <com1:fechaAutorizacion>2019-07-04</com1:fechaAutorizacion>
          <com1:importeMO>100</com1:importeMO>
          <com1:importeMCL>100</com1:importeMCL>
          <com1:cotizacion>
            <com2:tipoMoneda>ARP</com2:tipoMoneda>
            <com2:valor>1</com2:valor>
          </com1:cotizacion>
          <com1:beneficiario>1036</com1:beneficiario>
          <com1:medioDePago>OV</com1:medioDePago>
        </com:cabeceraCrg>
        <com:comprobanteVinculo>
          <com1:marcaInicioVinculo>0</com1:marcaInicioVinculo>
          <com1:tipoOperacionVinculada>OV</com1:tipoOperacionVinculada>
          <com1:ejercicioOperacionVinculada>2019
				</com1:ejercicioOperacionVinculada>
          <com1:numeroOperacionVinculada>19</com1:numeroOperacionVinculada>
        </com:comprobanteVinculo>
        <com:observaciones>Test</com:observaciones>
        <com:itemsPresupuestarios>
          <com1:ItemPresupuestarioCRGType>
            <com1:imputacion>
              <com2:ejercicio>2019</com2:ejercicio>
              <com2:servicio>850</com2:servicio>
              <com2:aperturaProg>1.0.0.1.0</com2:aperturaProg>
              <com2:objetoGasto>2.1.1.0</com2:objetoGasto>
              <com2:fuente>1.2</com2:fuente>
              <com2:moneda>1</com2:moneda>
              <com2:ug>2</com2:ug>
            </com1:imputacion>
            <com1:ejercicio>2019</com1:ejercicio>
            <com1:ud>
              <com2:codigo>850</com2:codigo>
            </com1:ud>
            <com1:importeMO>100</com1:importeMO>
            <com1:importeMCL>100</com1:importeMCL>
          </com1:ItemPresupuestarioCRGType>
        </com:itemsPresupuestarios>
      </com:crgOvRequest>
    </com:generarCrgOv>
  </soapenv:Body>
</soapenv:Envelope>
2019-09-16 10:53:33,982 [6] INFO  ESIDIFCRGOV.CRGOVService [(null)] - GenerarCrgOv - Ingreso
2019-09-16 10:53:33,982 [6] DEBUG ESIDIFCRGOV.CRGOVService [(null)] - GenerarCrgOv - Seteando variables de contexto.
2019-09-16 10:53:33,989 [6] DEBUG ESIDIFCRGOV.CRGOVService [(null)] - GenerarCrgOv - Seteando PROXY.
2019-09-16 10:53:33,990 [6] DEBUG ESIDIFCRGOV.CRGOVService [(null)] - GenerarCrgOv - Cargando certificado X509.
2019-09-16 10:53:33,990 [6] DEBUG ESIDIFCRGOV.CRGOVService [(null)] - GenerarCrgOv - IGNORA_ERROR_CERTI = true.
2019-09-16 10:53:33,991 [6] DEBUG ESIDIFCRGOV.CRGOVService [(null)] - GenerarCrgOv - Certificado X509 cargado exitosamente.
2019-09-16 10:53:33,991 [6] DEBUG ESIDIFCRGOV.CRGOVService [(null)] - GenerarCrgOv - Creando Bean
2019-09-16 10:53:33,992 [6] DEBUG ESIDIFCRGOV.CRGOVService [(null)] - GenerarCrgOv - Mapeando a objeto XML.
2019-09-16 10:53:34,061 [6] DEBUG ESIDIFCRGOV.CRGOVService [(null)] - GenerarCrgOv - Armando header de autenticacion
2019-09-16 10:53:34,141 [6] INFO  ESIDIFCRGOV.CRGOVService [(null)] - Consulta Servicio - ESIDIF : 
﻿<?xml version="1.0" encoding="utf-8"?>
<soapenv:Envelope xmlns:com="https://ws-si.mecon.gov.ar/ws/comprobantesCrgOvMsg" xmlns:com1="https://ws-si.mecon.gov.ar/ws/comprobantesCrg" xmlns:com2="https://ws-si.mecon.gov.ar/ws/comprobantes" xmlns:wsse="http://docs.oasis-open.org/wss/2004/01/oasis-200401-wss-wssecurity-secext-1.0.xsd" xmlns:wsu="http://docs.oasis-open.org/wss/2004/01/oasis-200401-wss-wssecurity-utility-1.0.xsd" xmlns:wsa="http://www.w3.org/2005/08/addressing" xmlns:soapenv="http://schemas.xmlsoap.org/soap/envelope/">
  <soapenv:Header>
    <wsse:Security soapenv:mustUnderstand="1">
      <wsse:UsernameToken wsu:Id="UsernameToken-1">
        <wsse:Username>SAP-850</wsse:Username>
        <wsse:Password Type="http://docs.oasis-open.org/wss/2004/01/oasis-200401-wss-username-token-profile-1.0#PasswordText">AnsesEsidif2019</wsse:Password>
      </wsse:UsernameToken>
    </wsse:Security>
    <wsa:To soapenv:mustUnderstand="1">https://tws5-si.mecon.gov.ar/SD_Core/ws</wsa:To>
    <wsa:Action>https://ws-si.mecon.gov.ar/ws/gastos/crg/crgOvService</wsa:Action>
    <wsa:MessageID>urn:uuid:22c1fc66-5b88-4efb-b290-759085d089cd</wsa:MessageID>
  </soapenv:Header>
  <soapenv:Body>
    <com:crgOvRequest>
      <com:cabeceraCrg>
        <com1:gestionExterna>ANSES</com1:gestionExterna>
        <com1:identificacionComprobante>
          <com1:entidadEmisora>850</com1:entidadEmisora>
          <com1:entidadProceso>850</com1:entidadProceso>
          <com1:numero>800600</com1:numero>
          <com1:ejercicio>2019</com1:ejercicio>
          <com1:tipoComprobante>CRG</com1:tipoComprobante>
        </com1:identificacionComprobante>
        <com1:fechaRegistro>2019-07-04</com1:fechaRegistro>
        <com1:importeMO>100</com1:importeMO>
        <com1:importeMCL>100</com1:importeMCL>
        <com1:cotizacion>
          <com2:tipoCotizacion>BNA</com2:tipoCotizacion>
          <com2:tipoMoneda>ARP</com2:tipoMoneda>
          <com2:valor>1</com2:valor>
        </com1:cotizacion>
        <com1:beneficiario>1036</com1:beneficiario>
        <com1:medioDePago>OV</com1:medioDePago>
      </com:cabeceraCrg>
      <com:comprobanteVinculo>
        <com1:marcaInicioVinculo>False</com1:marcaInicioVinculo>
        <com1:tipoOperacionVinculada>OV</com1:tipoOperacionVinculada>
        <com1:ejercicioOperacionVinculada>2019</com1:ejercicioOperacionVinculada>
        <com1:numeroOperacionVinculada>19</com1:numeroOperacionVinculada>
      </com:comprobanteVinculo>
      <com:observaciones>Test</com:observaciones>
      <com:itemsPresupuestarios>
        <com1:imputacion>
          <com2:ejercicio>2019</com2:ejercicio>
          <com2:servicio>850</com2:servicio>
          <com2:aperturaProg>1.0.0.1.0</com2:aperturaProg>
          <com2:objetoGasto>2.1.1.0</com2:objetoGasto>
          <com2:fuente>1.2</com2:fuente>
          <com2:moneda>1</com2:moneda>
          <com2:ug>2</com2:ug>
          <com2:bapin>0</com2:bapin>
          <com2:pex>0</com2:pex>
        </com1:imputacion>
        <com1:ejercicio>2019</com1:ejercicio>
        <com1:ud>
          <com2:codigo>850</com2:codigo>
        </com1:ud>
        <com1:importeMO>100</com1:importeMO>
        <com1:importeMCL>100</com1:importeMCL>
      </com:itemsPresupuestarios>
    </com:crgOvRequest>
  </soapenv:Body>
</soapenv:Envelope>
2019-09-16 10:53:34,514 [6] INFO  ESIDIFCRGOV.CRGOVService [(null)] - RESPONSE LOG: <?xml version="1.0" encoding="utf-8"?><s:Envelope xmlns:xsd="http://www.w3.org/2001/XMLSchema" xmlns:xsi="http://www.w3.org/2001/XMLSchema-instance" xmlns:s="http://schemas.xmlsoap.org/soap/envelope/"><s:Body><s:Fault><faultcode>s:Client</faultcode><faultstring>No se puede iniciar sesión</faultstring></s:Fault></s:Body></s:Envelope>
2019-09-16 10:53:34,515 [6] INFO  ESIDIFCRGOV.CRGOVService [(null)] - Respuesta Servicio - SAP: 
<s:Envelope xmlns:xsd="http://www.w3.org/2001/XMLSchema" xmlns:xsi="http://www.w3.org/2001/XMLSchema-instance" xmlns:s="http://schemas.xmlsoap.org/soap/envelope/">
  <s:Body>
    <s:Fault>
      <faultcode>s:Client</faultcode>
      <faultstring>No se puede iniciar sesión</faultstring>
    </s:Fault>
  </s:Body>
</s:Envelope>
2019-09-16 10:55:36,570 [6] INFO  ESIDIFCRGOV.CRGOVService [(null)] - REQUEST METHOD: POST, REQUEST BODY: <soapenv:Envelope xmlns:soapenv="http://schemas.xmlsoap.org/soap/envelope/" xmlns:com="https://ws-si.mecon.gov.ar/ws/comprobantesCrgOvMsg" xmlns:com1="https://ws-si.mecon.gov.ar/ws/comprobantesCrg" xmlns:com2="https://ws-si.mecon.gov.ar/ws/comprobantes" xmlns:arr="http://schemas.microsoft.com/2003/10/Serialization/Arrays">
   <soapenv:Header/>
   <soapenv:Body>
      <com:generarCrgOv>
<com:crgOvRequest>
			<com:cabeceraCrg>
				<com1:gestionExterna>ANSES</com1:gestionExterna>
				<com1:identificacionComprobante>
					<com1:entidadEmisora>850</com1:entidadEmisora>
					<com1:entidadProceso>850</com1:entidadProceso>
					<com1:numero>800600</com1:numero>
					<com1:ejercicio>2019</com1:ejercicio>
					<com1:tipoComprobante>CRG</com1:tipoComprobante>
				</com1:identificacionComprobante>
				<com1:fechaRegistro>2019-07-04</com1:fechaRegistro>
				<com1:fechaComprobante>2019-07-04</com1:fechaComprobante>
				<com1:fechaAutorizacion>2019-07-04</com1:fechaAutorizacion>
				<com1:importeMO>100</com1:importeMO>
				<com1:importeMCL>100</com1:importeMCL>
				<com1:cotizacion>
					<com2:tipoMoneda>ARP</com2:tipoMoneda>
					<com2:valor>1</com2:valor>
				</com1:cotizacion>
				<com1:beneficiario>1036</com1:beneficiario>
				<com1:medioDePago>OV</com1:medioDePago>
			</com:cabeceraCrg>
			<com:comprobanteVinculo>
				<com1:marcaInicioVinculo>0</com1:marcaInicioVinculo>
				<com1:tipoOperacionVinculada>OV</com1:tipoOperacionVinculada>
				<com1:ejercicioOperacionVinculada>2019
				</com1:ejercicioOperacionVinculada>
				<com1:numeroOperacionVinculada>19</com1:numeroOperacionVinculada>
			</com:comprobanteVinculo>
			<com:observaciones>Test</com:observaciones>
			<com:itemsPresupuestarios>
               <com1:ItemPresupuestarioCRGType>
				<com1:imputacion>
					<com2:ejercicio>2019</com2:ejercicio>
					<com2:servicio>850</com2:servicio>
					<com2:aperturaProg>1.0.0.1.0</com2:aperturaProg>
					<com2:objetoGasto>2.1.1.0</com2:objetoGasto>
					<com2:fuente>1.2</com2:fuente>
					<com2:moneda>1</com2:moneda>
					<com2:ug>2</com2:ug>
				</com1:imputacion>
				<com1:ejercicio>2019</com1:ejercicio>
				<com1:ud>
					<com2:codigo>850</com2:codigo>
				</com1:ud>
				<com1:importeMO>100</com1:importeMO>
				<com1:importeMCL>100</com1:importeMCL>

               </com1:ItemPresupuestarioCRGType>
			</com:itemsPresupuestarios>
		</com:crgOvRequest>
      </com:generarCrgOv>
   </soapenv:Body>
</soapenv:Envelope>, REQUEST URL: http://localhost/ESIDIFCRGOV/generarCrgOvService.asmx
2019-09-16 10:55:36,626 [6] INFO  ESIDIFCRGOV.CRGOVService [(null)] - Consulta SAP - Servicio: 
<soapenv:Envelope xmlns:soapenv="http://schemas.xmlsoap.org/soap/envelope/" xmlns:com="https://ws-si.mecon.gov.ar/ws/comprobantesCrgOvMsg" xmlns:com1="https://ws-si.mecon.gov.ar/ws/comprobantesCrg" xmlns:com2="https://ws-si.mecon.gov.ar/ws/comprobantes" xmlns:arr="http://schemas.microsoft.com/2003/10/Serialization/Arrays">
  <soapenv:Header />
  <soapenv:Body>
    <com:generarCrgOv>
      <com:crgOvRequest>
        <com:cabeceraCrg>
          <com1:gestionExterna>ANSES</com1:gestionExterna>
          <com1:identificacionComprobante>
            <com1:entidadEmisora>850</com1:entidadEmisora>
            <com1:entidadProceso>850</com1:entidadProceso>
            <com1:numero>800600</com1:numero>
            <com1:ejercicio>2019</com1:ejercicio>
            <com1:tipoComprobante>CRG</com1:tipoComprobante>
          </com1:identificacionComprobante>
          <com1:fechaRegistro>2019-07-04</com1:fechaRegistro>
          <com1:fechaComprobante>2019-07-04</com1:fechaComprobante>
          <com1:fechaAutorizacion>2019-07-04</com1:fechaAutorizacion>
          <com1:importeMO>100</com1:importeMO>
          <com1:importeMCL>100</com1:importeMCL>
          <com1:cotizacion>
            <com2:tipoMoneda>ARP</com2:tipoMoneda>
            <com2:valor>1</com2:valor>
          </com1:cotizacion>
          <com1:beneficiario>1036</com1:beneficiario>
          <com1:medioDePago>OV</com1:medioDePago>
        </com:cabeceraCrg>
        <com:comprobanteVinculo>
          <com1:marcaInicioVinculo>0</com1:marcaInicioVinculo>
          <com1:tipoOperacionVinculada>OV</com1:tipoOperacionVinculada>
          <com1:ejercicioOperacionVinculada>2019
				</com1:ejercicioOperacionVinculada>
          <com1:numeroOperacionVinculada>19</com1:numeroOperacionVinculada>
        </com:comprobanteVinculo>
        <com:observaciones>Test</com:observaciones>
        <com:itemsPresupuestarios>
          <com1:ItemPresupuestarioCRGType>
            <com1:imputacion>
              <com2:ejercicio>2019</com2:ejercicio>
              <com2:servicio>850</com2:servicio>
              <com2:aperturaProg>1.0.0.1.0</com2:aperturaProg>
              <com2:objetoGasto>2.1.1.0</com2:objetoGasto>
              <com2:fuente>1.2</com2:fuente>
              <com2:moneda>1</com2:moneda>
              <com2:ug>2</com2:ug>
            </com1:imputacion>
            <com1:ejercicio>2019</com1:ejercicio>
            <com1:ud>
              <com2:codigo>850</com2:codigo>
            </com1:ud>
            <com1:importeMO>100</com1:importeMO>
            <com1:importeMCL>100</com1:importeMCL>
          </com1:ItemPresupuestarioCRGType>
        </com:itemsPresupuestarios>
      </com:crgOvRequest>
    </com:generarCrgOv>
  </soapenv:Body>
</soapenv:Envelope>
2019-09-16 10:57:44,539 [6] INFO  ESIDIFCRGOV.CRGOVService [(null)] - GenerarCrgOv - Ingreso
2019-09-16 10:57:44,539 [6] DEBUG ESIDIFCRGOV.CRGOVService [(null)] - GenerarCrgOv - Seteando variables de contexto.
2019-09-16 10:57:44,644 [6] DEBUG ESIDIFCRGOV.CRGOVService [(null)] - GenerarCrgOv - Seteando PROXY.
2019-09-16 10:57:44,645 [6] DEBUG ESIDIFCRGOV.CRGOVService [(null)] - GenerarCrgOv - Cargando certificado X509.
2019-09-16 10:57:44,645 [6] DEBUG ESIDIFCRGOV.CRGOVService [(null)] - GenerarCrgOv - IGNORA_ERROR_CERTI = true.
2019-09-16 10:57:44,646 [6] DEBUG ESIDIFCRGOV.CRGOVService [(null)] - GenerarCrgOv - Certificado X509 cargado exitosamente.
2019-09-16 10:57:44,646 [6] DEBUG ESIDIFCRGOV.CRGOVService [(null)] - GenerarCrgOv - Creando Bean
2019-09-16 10:57:44,647 [6] DEBUG ESIDIFCRGOV.CRGOVService [(null)] - GenerarCrgOv - Mapeando a objeto XML.
2019-09-16 10:57:44,715 [6] DEBUG ESIDIFCRGOV.CRGOVService [(null)] - GenerarCrgOv - Armando header de autenticacion
2019-09-16 10:57:44,774 [6] INFO  ESIDIFCRGOV.CRGOVService [(null)] - Consulta Servicio - ESIDIF : 
﻿<?xml version="1.0" encoding="utf-8"?>
<soapenv:Envelope xmlns:com="https://ws-si.mecon.gov.ar/ws/comprobantesCrgOvMsg" xmlns:com1="https://ws-si.mecon.gov.ar/ws/comprobantesCrg" xmlns:com2="https://ws-si.mecon.gov.ar/ws/comprobantes" xmlns:wsse="http://docs.oasis-open.org/wss/2004/01/oasis-200401-wss-wssecurity-secext-1.0.xsd" xmlns:wsu="http://docs.oasis-open.org/wss/2004/01/oasis-200401-wss-wssecurity-utility-1.0.xsd" xmlns:wsa="http://www.w3.org/2005/08/addressing" xmlns:soapenv="http://schemas.xmlsoap.org/soap/envelope/">
  <soapenv:Header>
    <wsse:Security soapenv:mustUnderstand="1">
      <wsse:UsernameToken wsu:Id="UsernameToken-1">
        <wsse:Username>SAP-850</wsse:Username>
        <wsse:Password Type="http://docs.oasis-open.org/wss/2004/01/oasis-200401-wss-username-token-profile-1.0#PasswordText">AnsesEsidif2019</wsse:Password>
      </wsse:UsernameToken>
    </wsse:Security>
    <wsa:To soapenv:mustUnderstand="1">https://tws5-si.mecon.gov.ar/SD_Core/ws</wsa:To>
    <wsa:Action>https://ws-si.mecon.gov.ar/ws/gastos/crg/crgOvService</wsa:Action>
    <wsa:MessageID>urn:uuid:6cf0ccf0-bcb3-4d48-b70b-0c7ef32542b6</wsa:MessageID>
  </soapenv:Header>
  <soapenv:Body>
    <com:crgOvRequest>
      <com:cabeceraCrg>
        <com1:gestionExterna>ANSES</com1:gestionExterna>
        <com1:identificacionComprobante>
          <com1:entidadEmisora>850</com1:entidadEmisora>
          <com1:entidadProceso>850</com1:entidadProceso>
          <com1:numero>800600</com1:numero>
          <com1:ejercicio>2019</com1:ejercicio>
          <com1:tipoComprobante>CRG</com1:tipoComprobante>
        </com1:identificacionComprobante>
        <com1:fechaRegistro>2019-07-04</com1:fechaRegistro>
        <com1:importeMO>100</com1:importeMO>
        <com1:importeMCL>100</com1:importeMCL>
        <com1:cotizacion>
          <com2:tipoCotizacion>BNA</com2:tipoCotizacion>
          <com2:tipoMoneda>ARP</com2:tipoMoneda>
          <com2:valor>1</com2:valor>
        </com1:cotizacion>
        <com1:beneficiario>1036</com1:beneficiario>
        <com1:medioDePago>OV</com1:medioDePago>
      </com:cabeceraCrg>
      <com:comprobanteVinculo>
        <com1:marcaInicioVinculo>False</com1:marcaInicioVinculo>
        <com1:tipoOperacionVinculada>OV</com1:tipoOperacionVinculada>
        <com1:ejercicioOperacionVinculada>2019</com1:ejercicioOperacionVinculada>
        <com1:numeroOperacionVinculada>19</com1:numeroOperacionVinculada>
      </com:comprobanteVinculo>
      <com:observaciones>Test</com:observaciones>
      <com:itemsPresupuestarios>
        <com1:imputacion>
          <com2:ejercicio>2019</com2:ejercicio>
          <com2:servicio>850</com2:servicio>
          <com2:aperturaProg>1.0.0.1.0</com2:aperturaProg>
          <com2:objetoGasto>2.1.1.0</com2:objetoGasto>
          <com2:fuente>1.2</com2:fuente>
          <com2:moneda>1</com2:moneda>
          <com2:ug>2</com2:ug>
          <com2:bapin>0</com2:bapin>
          <com2:pex>0</com2:pex>
        </com1:imputacion>
        <com1:ejercicio>2019</com1:ejercicio>
        <com1:ud>
          <com2:codigo>850</com2:codigo>
        </com1:ud>
        <com1:importeMO>100</com1:importeMO>
        <com1:importeMCL>100</com1:importeMCL>
      </com:itemsPresupuestarios>
    </com:crgOvRequest>
  </soapenv:Body>
</soapenv:Envelope>
2019-09-16 10:57:45,101 [6] ERROR ESIDIFCRGOV.CRGOVService [(null)] - GenerarCrgOv - Error en la ejecucion : The remote server returned an error: (503) Service Unavailable.
2019-09-16 10:57:45,144 [6] INFO  ESIDIFCRGOV.CRGOVService [(null)] - RESPONSE LOG: <?xml version="1.0" encoding="utf-8"?><s:Envelope xmlns:xsd="http://www.w3.org/2001/XMLSchema" xmlns:xsi="http://www.w3.org/2001/XMLSchema-instance" xmlns:s="http://schemas.xmlsoap.org/soap/envelope/"><s:Body><s:Fault><faultcode>s:Client</faultcode><faultstring>&lt;!DOCTYPE HTML PUBLIC "-//IETF//DTD HTML 2.0//EN"&gt;
&lt;html&gt;&lt;head&gt;
&lt;title&gt;503 Service Unavailable&lt;/title&gt;
&lt;/head&gt;&lt;body&gt;
&lt;h1&gt;Service Unavailable&lt;/h1&gt;
&lt;p&gt;The server is temporarily unable to service your
request due to maintenance downtime or capacity
problems. Please try again later.&lt;/p&gt;
&lt;/body&gt;&lt;/html&gt;
</faultstring></s:Fault></s:Body></s:Envelope>
2019-09-16 10:57:45,144 [6] INFO  ESIDIFCRGOV.CRGOVService [(null)] - Respuesta Servicio - SAP: 
<s:Envelope xmlns:xsd="http://www.w3.org/2001/XMLSchema" xmlns:xsi="http://www.w3.org/2001/XMLSchema-instance" xmlns:s="http://schemas.xmlsoap.org/soap/envelope/">
  <s:Body>
    <s:Fault>
      <faultcode>s:Client</faultcode>
      <faultstring>&lt;!DOCTYPE HTML PUBLIC "-//IETF//DTD HTML 2.0//EN"&gt;
&lt;html&gt;&lt;head&gt;
&lt;title&gt;503 Service Unavailable&lt;/title&gt;
&lt;/head&gt;&lt;body&gt;
&lt;h1&gt;Service Unavailable&lt;/h1&gt;
&lt;p&gt;The server is temporarily unable to service your
request due to maintenance downtime or capacity
problems. Please try again later.&lt;/p&gt;
&lt;/body&gt;&lt;/html&gt;
</faultstring>
    </s:Fault>
  </s:Body>
</s:Envelope>
2019-09-16 11:02:14,397 [6] INFO  ESIDIFCRGOV.CRGOVService [(null)] - REQUEST METHOD: POST, REQUEST BODY: <soapenv:Envelope xmlns:soapenv="http://schemas.xmlsoap.org/soap/envelope/" xmlns:com="https://ws-si.mecon.gov.ar/ws/comprobantesCrgOvMsg" xmlns:com1="https://ws-si.mecon.gov.ar/ws/comprobantesCrg" xmlns:com2="https://ws-si.mecon.gov.ar/ws/comprobantes" xmlns:arr="http://schemas.microsoft.com/2003/10/Serialization/Arrays">
   <soapenv:Header/>
   <soapenv:Body>
      <com:generarCrgOv>
<com:crgOvRequest>
			<com:cabeceraCrg>
				<com1:gestionExterna>ANSES</com1:gestionExterna>
				<com1:identificacionComprobante>
					<com1:entidadEmisora>850</com1:entidadEmisora>
					<com1:entidadProceso>850</com1:entidadProceso>
					<com1:numero>800600</com1:numero>
					<com1:ejercicio>2019</com1:ejercicio>
					<com1:tipoComprobante>CRG</com1:tipoComprobante>
				</com1:identificacionComprobante>
				<com1:fechaRegistro>2019-07-04</com1:fechaRegistro>
				<com1:fechaComprobante>2019-07-04</com1:fechaComprobante>
				<com1:fechaAutorizacion>2019-07-04</com1:fechaAutorizacion>
				<com1:importeMO>100</com1:importeMO>
				<com1:importeMCL>100</com1:importeMCL>
				<com1:cotizacion>
					<com2:tipoMoneda>ARP</com2:tipoMoneda>
					<com2:valor>1</com2:valor>
				</com1:cotizacion>
				<com1:beneficiario>1036</com1:beneficiario>
				<com1:medioDePago>OV</com1:medioDePago>
			</com:cabeceraCrg>
			<com:comprobanteVinculo>
				<com1:marcaInicioVinculo>0</com1:marcaInicioVinculo>
				<com1:tipoOperacionVinculada>OV</com1:tipoOperacionVinculada>
				<com1:ejercicioOperacionVinculada>2019
				</com1:ejercicioOperacionVinculada>
				<com1:numeroOperacionVinculada>19</com1:numeroOperacionVinculada>
			</com:comprobanteVinculo>
			<com:observaciones>Test</com:observaciones>
			<com:itemsPresupuestarios>
               <com1:ItemPresupuestarioCRGType>
				<com1:imputacion>
					<com2:ejercicio>2019</com2:ejercicio>
					<com2:servicio>850</com2:servicio>
					<com2:aperturaProg>1.0.0.1.0</com2:aperturaProg>
					<com2:objetoGasto>2.1.1.0</com2:objetoGasto>
					<com2:fuente>1.2</com2:fuente>
					<com2:moneda>1</com2:moneda>
					<com2:ug>2</com2:ug>
				</com1:imputacion>
				<com1:ejercicio>2019</com1:ejercicio>
				<com1:ud>
					<com2:codigo>850</com2:codigo>
				</com1:ud>
				<com1:importeMO>100</com1:importeMO>
				<com1:importeMCL>100</com1:importeMCL>

               </com1:ItemPresupuestarioCRGType>
			</com:itemsPresupuestarios>
		</com:crgOvRequest>
      </com:generarCrgOv>
   </soapenv:Body>
</soapenv:Envelope>, REQUEST URL: http://localhost/ESIDIFCRGOV/generarCrgOvService.asmx
2019-09-16 11:02:14,569 [6] INFO  ESIDIFCRGOV.CRGOVService [(null)] - Consulta SAP - Servicio: 
<soapenv:Envelope xmlns:soapenv="http://schemas.xmlsoap.org/soap/envelope/" xmlns:com="https://ws-si.mecon.gov.ar/ws/comprobantesCrgOvMsg" xmlns:com1="https://ws-si.mecon.gov.ar/ws/comprobantesCrg" xmlns:com2="https://ws-si.mecon.gov.ar/ws/comprobantes" xmlns:arr="http://schemas.microsoft.com/2003/10/Serialization/Arrays">
  <soapenv:Header />
  <soapenv:Body>
    <com:generarCrgOv>
      <com:crgOvRequest>
        <com:cabeceraCrg>
          <com1:gestionExterna>ANSES</com1:gestionExterna>
          <com1:identificacionComprobante>
            <com1:entidadEmisora>850</com1:entidadEmisora>
            <com1:entidadProceso>850</com1:entidadProceso>
            <com1:numero>800600</com1:numero>
            <com1:ejercicio>2019</com1:ejercicio>
            <com1:tipoComprobante>CRG</com1:tipoComprobante>
          </com1:identificacionComprobante>
          <com1:fechaRegistro>2019-07-04</com1:fechaRegistro>
          <com1:fechaComprobante>2019-07-04</com1:fechaComprobante>
          <com1:fechaAutorizacion>2019-07-04</com1:fechaAutorizacion>
          <com1:importeMO>100</com1:importeMO>
          <com1:importeMCL>100</com1:importeMCL>
          <com1:cotizacion>
            <com2:tipoMoneda>ARP</com2:tipoMoneda>
            <com2:valor>1</com2:valor>
          </com1:cotizacion>
          <com1:beneficiario>1036</com1:beneficiario>
          <com1:medioDePago>OV</com1:medioDePago>
        </com:cabeceraCrg>
        <com:comprobanteVinculo>
          <com1:marcaInicioVinculo>0</com1:marcaInicioVinculo>
          <com1:tipoOperacionVinculada>OV</com1:tipoOperacionVinculada>
          <com1:ejercicioOperacionVinculada>2019
				</com1:ejercicioOperacionVinculada>
          <com1:numeroOperacionVinculada>19</com1:numeroOperacionVinculada>
        </com:comprobanteVinculo>
        <com:observaciones>Test</com:observaciones>
        <com:itemsPresupuestarios>
          <com1:ItemPresupuestarioCRGType>
            <com1:imputacion>
              <com2:ejercicio>2019</com2:ejercicio>
              <com2:servicio>850</com2:servicio>
              <com2:aperturaProg>1.0.0.1.0</com2:aperturaProg>
              <com2:objetoGasto>2.1.1.0</com2:objetoGasto>
              <com2:fuente>1.2</com2:fuente>
              <com2:moneda>1</com2:moneda>
              <com2:ug>2</com2:ug>
            </com1:imputacion>
            <com1:ejercicio>2019</com1:ejercicio>
            <com1:ud>
              <com2:codigo>850</com2:codigo>
            </com1:ud>
            <com1:importeMO>100</com1:importeMO>
            <com1:importeMCL>100</com1:importeMCL>
          </com1:ItemPresupuestarioCRGType>
        </com:itemsPresupuestarios>
      </com:crgOvRequest>
    </com:generarCrgOv>
  </soapenv:Body>
</soapenv:Envelope>
2019-09-16 11:04:24,655 [6] INFO  ESIDIFCRGOV.CRGOVService [(null)] - GenerarCrgOv - Ingreso
2019-09-16 11:04:24,655 [6] DEBUG ESIDIFCRGOV.CRGOVService [(null)] - GenerarCrgOv - Seteando variables de contexto.
2019-09-16 11:04:24,659 [6] DEBUG ESIDIFCRGOV.CRGOVService [(null)] - GenerarCrgOv - Seteando PROXY.
2019-09-16 11:04:24,660 [6] DEBUG ESIDIFCRGOV.CRGOVService [(null)] - GenerarCrgOv - Cargando certificado X509.
2019-09-16 11:04:24,660 [6] DEBUG ESIDIFCRGOV.CRGOVService [(null)] - GenerarCrgOv - IGNORA_ERROR_CERTI = true.
2019-09-16 11:04:24,660 [6] DEBUG ESIDIFCRGOV.CRGOVService [(null)] - GenerarCrgOv - Certificado X509 cargado exitosamente.
2019-09-16 11:04:24,661 [6] DEBUG ESIDIFCRGOV.CRGOVService [(null)] - GenerarCrgOv - Creando Bean
2019-09-16 11:04:24,677 [6] DEBUG ESIDIFCRGOV.CRGOVService [(null)] - GenerarCrgOv - Mapeando a objeto XML.
2019-09-16 11:04:24,741 [6] DEBUG ESIDIFCRGOV.CRGOVService [(null)] - GenerarCrgOv - Armando header de autenticacion
2019-09-16 11:04:25,030 [6] INFO  ESIDIFCRGOV.CRGOVService [(null)] - Consulta Servicio - ESIDIF : 
﻿<?xml version="1.0" encoding="utf-8"?>
<soapenv:Envelope xmlns:com="https://ws-si.mecon.gov.ar/ws/comprobantesCrgOvMsg" xmlns:com1="https://ws-si.mecon.gov.ar/ws/comprobantesCrg" xmlns:com2="https://ws-si.mecon.gov.ar/ws/comprobantes" xmlns:wsse="http://docs.oasis-open.org/wss/2004/01/oasis-200401-wss-wssecurity-secext-1.0.xsd" xmlns:wsu="http://docs.oasis-open.org/wss/2004/01/oasis-200401-wss-wssecurity-utility-1.0.xsd" xmlns:wsa="http://www.w3.org/2005/08/addressing" xmlns:soapenv="http://schemas.xmlsoap.org/soap/envelope/">
  <soapenv:Header>
    <wsse:Security soapenv:mustUnderstand="1">
      <wsse:UsernameToken wsu:Id="UsernameToken-1">
        <wsse:Username>SAP-850</wsse:Username>
        <wsse:Password Type="http://docs.oasis-open.org/wss/2004/01/oasis-200401-wss-username-token-profile-1.0#PasswordText">AnsesEsidif2019</wsse:Password>
      </wsse:UsernameToken>
    </wsse:Security>
    <wsa:To soapenv:mustUnderstand="1">https://tws5-si.mecon.gov.ar/SD_Core/ws</wsa:To>
    <wsa:Action>https://ws-si.mecon.gov.ar/ws/gastos/crg/crgOvService</wsa:Action>
    <wsa:MessageID>urn:uuid:d31558b8-9430-4603-b85d-8949cdefd431</wsa:MessageID>
  </soapenv:Header>
  <soapenv:Body>
    <com:crgOvRequest>
      <com:cabeceraCrg>
        <com1:gestionExterna>ANSES</com1:gestionExterna>
        <com1:identificacionComprobante>
          <com1:entidadEmisora>850</com1:entidadEmisora>
          <com1:entidadProceso>850</com1:entidadProceso>
          <com1:numero>800600</com1:numero>
          <com1:ejercicio>2019</com1:ejercicio>
          <com1:tipoComprobante>CRG</com1:tipoComprobante>
        </com1:identificacionComprobante>
        <com1:fechaRegistro>2019-07-04</com1:fechaRegistro>
        <com1:importeMO>100</com1:importeMO>
        <com1:importeMCL>100</com1:importeMCL>
        <com1:cotizacion>
          <com2:tipoCotizacion>BNA</com2:tipoCotizacion>
          <com2:tipoMoneda>ARP</com2:tipoMoneda>
          <com2:valor>1</com2:valor>
        </com1:cotizacion>
        <com1:beneficiario>1036</com1:beneficiario>
        <com1:medioDePago>OV</com1:medioDePago>
      </com:cabeceraCrg>
      <com:comprobanteVinculo>
        <com1:marcaInicioVinculo>False</com1:marcaInicioVinculo>
        <com1:tipoOperacionVinculada>OV</com1:tipoOperacionVinculada>
        <com1:ejercicioOperacionVinculada>2019</com1:ejercicioOperacionVinculada>
        <com1:numeroOperacionVinculada>19</com1:numeroOperacionVinculada>
      </com:comprobanteVinculo>
      <com:observaciones>Test</com:observaciones>
      <com:itemsPresupuestarios>
        <com1:imputacion>
          <com2:ejercicio>2019</com2:ejercicio>
          <com2:servicio>850</com2:servicio>
          <com2:aperturaProg>1.0.0.1.0</com2:aperturaProg>
          <com2:objetoGasto>2.1.1.0</com2:objetoGasto>
          <com2:fuente>1.2</com2:fuente>
          <com2:moneda>1</com2:moneda>
          <com2:ug>2</com2:ug>
          <com2:bapin>0</com2:bapin>
          <com2:pex>0</com2:pex>
        </com1:imputacion>
        <com1:ejercicio>2019</com1:ejercicio>
        <com1:ud>
          <com2:codigo>850</com2:codigo>
        </com1:ud>
        <com1:importeMO>100</com1:importeMO>
        <com1:importeMCL>100</com1:importeMCL>
      </com:itemsPresupuestarios>
    </com:crgOvRequest>
  </soapenv:Body>
</soapenv:Envelope>
2019-09-16 11:04:26,215 [6] ERROR ESIDIFCRGOV.CRGOVService [(null)] - GenerarCrgOv - Error en la ejecucion : The remote server returned an error: (500) Internal Server Error.
2019-09-16 11:04:26,293 [6] INFO  ESIDIFCRGOV.CRGOVService [(null)] - RESPONSE LOG: <?xml version="1.0" encoding="utf-8"?><s:Envelope xmlns:xsd="http://www.w3.org/2001/XMLSchema" xmlns:xsi="http://www.w3.org/2001/XMLSchema-instance" xmlns:s="http://schemas.xmlsoap.org/soap/envelope/"><s:Body><s:Fault><faultcode>s:Client</faultcode><faultstring>&lt;SOAP-ENV:Envelope xmlns:SOAP-ENV="http://schemas.xmlsoap.org/soap/envelope/"&gt;&lt;SOAP-ENV:Header xmlns:wsa="http://www.w3.org/2005/08/addressing"&gt;&lt;wsa:To SOAP-ENV:mustUnderstand="1"&gt;http://www.w3.org/2005/08/addressing/anonymous&lt;/wsa:To&gt;&lt;wsa:Action&gt;https://ws-si.mecon.gov.ar/ws/gastos/crg/crgOvServiceResponse&lt;/wsa:Action&gt;&lt;wsa:MessageID&gt;urn:uuid:c3c28b8c-b483-4cf5-8055-fd41cc1ff847&lt;/wsa:MessageID&gt;&lt;wsa:RelatesTo&gt;urn:uuid:d31558b8-9430-4603-b85d-8949cdefd431&lt;/wsa:RelatesTo&gt;&lt;/SOAP-ENV:Header&gt;&lt;SOAP-ENV:Body&gt;&lt;SOAP-ENV:Fault&gt;&lt;faultcode&gt;SOAP-ENV:Server&lt;/faultcode&gt;&lt;faultstring xml:lang="en-US"&gt;Ha ocurrido un error inesperado en el servidor, por favor póngase en contacto con un administrador.&lt;/faultstring&gt;&lt;detail&gt;&lt;9999 xmlns="https://ws-si.mecon.gov.ar/ws/"&gt;JAXB unmarshalling exception; nested exception is javax.xml.bind.UnmarshalException
 - with linked exception:
[org.xml.sax.SAXParseException; cvc-complex-type.2.4.b: The content of element 'com1:identificacionComprobante' is not complete. One of '{"https://ws-si.mecon.gov.ar/ws/comprobantesCrg":tipoRegistro}' is expected.]&lt;/9999&gt;&lt;/detail&gt;&lt;/SOAP-ENV:Fault&gt;&lt;/SOAP-ENV:Body&gt;&lt;/SOAP-ENV:Envelope&gt;</faultstring></s:Fault></s:Body></s:Envelope>
2019-09-16 11:04:26,293 [6] INFO  ESIDIFCRGOV.CRGOVService [(null)] - Respuesta Servicio - SAP: 
<s:Envelope xmlns:xsd="http://www.w3.org/2001/XMLSchema" xmlns:xsi="http://www.w3.org/2001/XMLSchema-instance" xmlns:s="http://schemas.xmlsoap.org/soap/envelope/">
  <s:Body>
    <s:Fault>
      <faultcode>s:Client</faultcode>
      <faultstring>&lt;SOAP-ENV:Envelope xmlns:SOAP-ENV="http://schemas.xmlsoap.org/soap/envelope/"&gt;&lt;SOAP-ENV:Header xmlns:wsa="http://www.w3.org/2005/08/addressing"&gt;&lt;wsa:To SOAP-ENV:mustUnderstand="1"&gt;http://www.w3.org/2005/08/addressing/anonymous&lt;/wsa:To&gt;&lt;wsa:Action&gt;https://ws-si.mecon.gov.ar/ws/gastos/crg/crgOvServiceResponse&lt;/wsa:Action&gt;&lt;wsa:MessageID&gt;urn:uuid:c3c28b8c-b483-4cf5-8055-fd41cc1ff847&lt;/wsa:MessageID&gt;&lt;wsa:RelatesTo&gt;urn:uuid:d31558b8-9430-4603-b85d-8949cdefd431&lt;/wsa:RelatesTo&gt;&lt;/SOAP-ENV:Header&gt;&lt;SOAP-ENV:Body&gt;&lt;SOAP-ENV:Fault&gt;&lt;faultcode&gt;SOAP-ENV:Server&lt;/faultcode&gt;&lt;faultstring xml:lang="en-US"&gt;Ha ocurrido un error inesperado en el servidor, por favor póngase en contacto con un administrador.&lt;/faultstring&gt;&lt;detail&gt;&lt;9999 xmlns="https://ws-si.mecon.gov.ar/ws/"&gt;JAXB unmarshalling exception; nested exception is javax.xml.bind.UnmarshalException
 - with linked exception:
[org.xml.sax.SAXParseException; cvc-complex-type.2.4.b: The content of element 'com1:identificacionComprobante' is not complete. One of '{"https://ws-si.mecon.gov.ar/ws/comprobantesCrg":tipoRegistro}' is expected.]&lt;/9999&gt;&lt;/detail&gt;&lt;/SOAP-ENV:Fault&gt;&lt;/SOAP-ENV:Body&gt;&lt;/SOAP-ENV:Envelope&gt;</faultstring>
    </s:Fault>
  </s:Body>
</s:Envelope>
