2019-07-11 12:32:52,709 [4] INFO  ESIDIFC75.C75Service [(null)] - REQUEST METHOD: GET, REQUEST BODY: , REQUEST URL: https://localhost:44392/generarInformeDeGastosC75.asmx
2019-07-11 12:32:53,760 [4] INFO  ESIDIFC75.C75Service [(null)] - RESPONSE LOG: <wsdl:definitions xmlns:xsd="http://www.w3.org/2001/XMLSchema" xmlns:msc="http://schemas.microsoft.com/ws/2005/12/wsdl/contract" xmlns:wsp="http://schemas.xmlsoap.org/ws/2004/09/policy" xmlns:wsu="http://docs.oasis-open.org/wss/2004/01/oasis-200401-wss-wssecurity-utility-1.0.xsd" xmlns:http="http://schemas.microsoft.com/ws/06/2004/policy/http" xmlns:soap="http://schemas.xmlsoap.org/wsdl/soap/" xmlns:tns="https://ws-si.mecon.gov.ar/ws/informeDeGastosMsg" xmlns:wsam="http://www.w3.org/2007/05/addressing/metadata" targetNamespace="https://ws-si.mecon.gov.ar/ws/informeDeGastosMsg" name="C75Service" xmlns:wsdl="http://schemas.xmlsoap.org/wsdl/"><wsdl:types><xs:schema xmlns:xs="http://www.w3.org/2001/XMLSchema" elementFormDefault="qualified" targetNamespace="https://ws-si.mecon.gov.ar/ws/informeDeGastosMsg"><xs:import namespace="http://schemas.microsoft.com/2003/10/Serialization/Arrays"/><xs:import namespace="http://schemas.datacontract.org/2004/07/System"/><xs:element name="generarInformeDeGastosPortType"><xs:complexType><xs:sequence><xs:element minOccurs="0" maxOccurs="1" name="generarInformeDeGastos" type="xs:string"/></xs:sequence></xs:complexType></xs:element><xs:element name="generarInformeDeGastosPortTypeResponse"><xs:complexType><xs:sequence><xs:element minOccurs="0" maxOccurs="1" name="generarInformeDeGastosPortTypeResult" type="xs:string"/></xs:sequence></xs:complexType></xs:element></xs:schema></wsdl:types><wsdl:message name="C75Service_generarInformeDeGastosPortType_InputMessage"><wsdl:part name="parameters" element="tns:generarInformeDeGastosPortType"/></wsdl:message><wsdl:message name="C75Service_generarInformeDeGastosPortType_OutputMessage"><wsdl:part name="parameters" element="tns:generarInformeDeGastosPortTypeResponse"/></wsdl:message><wsdl:portType name="C75Service"><wsdl:operation name="generarInformeDeGastosPortType"><wsdl:input message="tns:C75Service_generarInformeDeGastosPortType_InputMessage"/><wsdl:output message="tns:C75Service_generarInformeDeGastosPortType_OutputMessage"/></wsdl:operation></wsdl:portType><wsdl:binding name="BasicHttpBinding_C75Service" type="tns:C75Service"><soap:binding transport="http://schemas.xmlsoap.org/soap/http"/><wsdl:operation name="generarInformeDeGastosPortType"><soap:operation soapAction="https://ws-si.mecon.gov.ar/ws/informeDeGastosMsg/generarInformeDeGastosPortType" style="document"/><wsdl:input><soap:body use="literal"/></wsdl:input><wsdl:output><soap:body use="literal"/></wsdl:output></wsdl:operation></wsdl:binding><wsdl:service name="C75Service"><wsdl:port name="BasicHttpBinding_C75Service" binding="tns:BasicHttpBinding_C75Service"><soap:address location="https://localhost:44392/generarInformeDeGastosC75.asmx"/></wsdl:port></wsdl:service></wsdl:definitions>
2019-07-11 12:33:50,104 [4] INFO  ESIDIFC75.C75Service [(null)] - REQUEST METHOD: POST, REQUEST BODY: <soapenv:Envelope xmlns:soapenv="http://schemas.xmlsoap.org/soap/envelope/" xmlns:inf="https://ws-si.mecon.gov.ar/ws/informeDeGastosMsg">
   <soapenv:Header>
   	<token>shdfjkshfjkdshfjksdhdjk</token>
   	<sign>ksjdlsdjkf</sign>
   </soapenv:Header>
   <soapenv:Body>
      <inf:generarInformeDeGastosPortType>
         <!--Optional:-->
         <inf:generarInformeDeGastos>shfgjkshjk</inf:generarInformeDeGastos>
      </inf:generarInformeDeGastosPortType>
   </soapenv:Body>
</soapenv:Envelope>, REQUEST URL: https://localhost:44392/generarInformeDeGastosC75.asmx
2019-07-11 12:33:50,408 [4] INFO  ESIDIFC75.C75Service [(null)] - Envio: shfgjkshjk
2019-07-11 12:33:51,797 [4] INFO  ESIDIFC75.C75Service [(null)] - RESPONSE LOG: <?xml version="1.0" encoding="utf-8"?><s:Envelope xmlns:xsd="http://www.w3.org/2001/XMLSchema" xmlns:xsi="http://www.w3.org/2001/XMLSchema-instance" xmlns:s="http://schemas.xmlsoap.org/soap/envelope/"><s:Body><generarInformeDeGastosPortTypeResponse xmlns="https://ws-si.mecon.gov.ar/ws/informeDeGastosMsg"><generarInformeDeGastosPortTypeResult>shfgjkshjkjueves, 11 de julio de 2019</generarInformeDeGastosPortTypeResult></generarInformeDeGastosPortTypeResponse></s:Body></s:Envelope>
2019-07-11 12:48:01,512 [6] INFO  ESIDIFC75.C75Service [(null)] - REQUEST METHOD: GET, REQUEST BODY: , REQUEST URL: https://localhost:44392/generarInformeDeGastosC75.asmx
2019-07-11 12:48:27,181 [6] INFO  ESIDIFC75.C75Service [(null)] - REQUEST METHOD: POST, REQUEST BODY: <soapenv:Envelope xmlns:soapenv="http://schemas.xmlsoap.org/soap/envelope/" xmlns:inf="https://ws-si.mecon.gov.ar/ws/informeDeGastosMsg">
   <soapenv:Header>
   	<token>shdfjkshfjkdshfjksdhdjk</token>
   	<sign>ksjdlsdjkf</sign>
   </soapenv:Header>
   <soapenv:Body>
      <inf:generarInformeDeGastosPortType>
         <!--Optional:-->
         <inf:generarInformeDeGastos>shfgjkshjk</inf:generarInformeDeGastos>
      </inf:generarInformeDeGastosPortType>
   </soapenv:Body>
</soapenv:Envelope>, REQUEST URL: https://localhost:44392/generarInformeDeGastosC75.asmx
2019-07-11 12:48:28,024 [6] INFO  ESIDIFC75.C75Service [(null)] - Consulta SAP - Servicio: <soapenv:Envelope xmlns:soapenv="http://schemas.xmlsoap.org/soap/envelope/" xmlns:inf="https://ws-si.mecon.gov.ar/ws/informeDeGastosMsg">
  <soapenv:Header>
    <token>shdfjkshfjkdshfjksdhdjk</token>
    <sign>ksjdlsdjkf</sign>
  </soapenv:Header>
  <soapenv:Body>
    <inf:generarInformeDeGastosPortType>
      <!--Optional:-->
      <inf:generarInformeDeGastos>shfgjkshjk</inf:generarInformeDeGastos>
    </inf:generarInformeDeGastosPortType>
  </soapenv:Body>
</soapenv:Envelope>
2019-07-11 12:48:35,398 [6] INFO  ESIDIFC75.C75Service [(null)] - Envio: shfgjkshjk
2019-07-11 12:48:37,206 [6] INFO  ESIDIFC75.C75Service [(null)] - RESPONSE LOG: <?xml version="1.0" encoding="utf-8"?><s:Envelope xmlns:xsd="http://www.w3.org/2001/XMLSchema" xmlns:xsi="http://www.w3.org/2001/XMLSchema-instance" xmlns:s="http://schemas.xmlsoap.org/soap/envelope/"><s:Body><generarInformeDeGastosPortTypeResponse xmlns="https://ws-si.mecon.gov.ar/ws/informeDeGastosMsg"><generarInformeDeGastosPortTypeResult>shfgjkshjkjueves, 11 de julio de 2019</generarInformeDeGastosPortTypeResult></generarInformeDeGastosPortTypeResponse></s:Body></s:Envelope>
2019-07-11 12:48:37,224 [6] INFO  ESIDIFC75.C75Service [(null)] - Respuesta Servicio - SAP: <s:Envelope xmlns:xsd="http://www.w3.org/2001/XMLSchema" xmlns:xsi="http://www.w3.org/2001/XMLSchema-instance" xmlns:s="http://schemas.xmlsoap.org/soap/envelope/">
  <s:Body>
    <generarInformeDeGastosPortTypeResponse xmlns="https://ws-si.mecon.gov.ar/ws/informeDeGastosMsg">
      <generarInformeDeGastosPortTypeResult>shfgjkshjkjueves, 11 de julio de 2019</generarInformeDeGastosPortTypeResult>
    </generarInformeDeGastosPortTypeResponse>
  </s:Body>
</s:Envelope>
2019-07-11 12:51:09,895 [6] INFO  ESIDIFC75.C75Service [(null)] - REQUEST METHOD: GET, REQUEST BODY: , REQUEST URL: https://localhost:44392/generarInformeDeGastosC75.asmx
2019-07-11 12:51:18,236 [6] INFO  ESIDIFC75.C75Service [(null)] - REQUEST METHOD: POST, REQUEST BODY: <soapenv:Envelope xmlns:soapenv="http://schemas.xmlsoap.org/soap/envelope/" xmlns:inf="https://ws-si.mecon.gov.ar/ws/informeDeGastosMsg">
   <soapenv:Header>
   	<token>shdfjkshfjkdshfjksdhdjk</token>
   	<sign>ksjdlsdjkf</sign>
   </soapenv:Header>
   <soapenv:Body>
      <inf:generarInformeDeGastosPortType>
         <!--Optional:-->
         <inf:generarInformeDeGastos>shfgjkshjk</inf:generarInformeDeGastos>
      </inf:generarInformeDeGastosPortType>
   </soapenv:Body>
</soapenv:Envelope>, REQUEST URL: https://localhost:44392/generarInformeDeGastosC75.asmx
2019-07-11 12:51:18,243 [6] INFO  ESIDIFC75.C75Service [(null)] - Consulta SAP - Servicio: 
<soapenv:Envelope xmlns:soapenv="http://schemas.xmlsoap.org/soap/envelope/" xmlns:inf="https://ws-si.mecon.gov.ar/ws/informeDeGastosMsg">
  <soapenv:Header>
    <token>shdfjkshfjkdshfjksdhdjk</token>
    <sign>ksjdlsdjkf</sign>
  </soapenv:Header>
  <soapenv:Body>
    <inf:generarInformeDeGastosPortType>
      <!--Optional:-->
      <inf:generarInformeDeGastos>shfgjkshjk</inf:generarInformeDeGastos>
    </inf:generarInformeDeGastosPortType>
  </soapenv:Body>
</soapenv:Envelope>
2019-07-11 12:51:20,190 [6] INFO  ESIDIFC75.C75Service [(null)] - Envio: shfgjkshjk
2019-07-11 12:51:21,602 [6] INFO  ESIDIFC75.C75Service [(null)] - RESPONSE LOG: <?xml version="1.0" encoding="utf-8"?><s:Envelope xmlns:xsd="http://www.w3.org/2001/XMLSchema" xmlns:xsi="http://www.w3.org/2001/XMLSchema-instance" xmlns:s="http://schemas.xmlsoap.org/soap/envelope/"><s:Body><generarInformeDeGastosPortTypeResponse xmlns="https://ws-si.mecon.gov.ar/ws/informeDeGastosMsg"><generarInformeDeGastosPortTypeResult>shfgjkshjkjueves, 11 de julio de 2019</generarInformeDeGastosPortTypeResult></generarInformeDeGastosPortTypeResponse></s:Body></s:Envelope>
2019-07-11 12:51:21,603 [6] INFO  ESIDIFC75.C75Service [(null)] - Respuesta Servicio - SAP: 
<s:Envelope xmlns:xsd="http://www.w3.org/2001/XMLSchema" xmlns:xsi="http://www.w3.org/2001/XMLSchema-instance" xmlns:s="http://schemas.xmlsoap.org/soap/envelope/">
  <s:Body>
    <generarInformeDeGastosPortTypeResponse xmlns="https://ws-si.mecon.gov.ar/ws/informeDeGastosMsg">
      <generarInformeDeGastosPortTypeResult>shfgjkshjkjueves, 11 de julio de 2019</generarInformeDeGastosPortTypeResult>
    </generarInformeDeGastosPortTypeResponse>
  </s:Body>
</s:Envelope>
2019-07-11 14:41:58,512 [6] INFO  ESIDIFC75.C75Service [(null)] - REQUEST METHOD: GET, REQUEST BODY: , REQUEST URL: https://localhost:44392/generarInformeDeGastosC75.asmx
2019-07-11 14:41:58,980 [6] INFO  ESIDIFC75.C75Service [(null)] - Consulta SAP - Servicio: 

2019-07-11 14:41:59,410 [6] INFO  ESIDIFC75.C75Service [(null)] - RESPONSE LOG: <wsdl:definitions xmlns:xsd="http://www.w3.org/2001/XMLSchema" xmlns:msc="http://schemas.microsoft.com/ws/2005/12/wsdl/contract" xmlns:wsp="http://schemas.xmlsoap.org/ws/2004/09/policy" xmlns:wsu="http://docs.oasis-open.org/wss/2004/01/oasis-200401-wss-wssecurity-utility-1.0.xsd" xmlns:http="http://schemas.microsoft.com/ws/06/2004/policy/http" xmlns:soap="http://schemas.xmlsoap.org/wsdl/soap/" xmlns:tns="https://ws-si.mecon.gov.ar/ws/informeDeGastosMsg" xmlns:wsam="http://www.w3.org/2007/05/addressing/metadata" targetNamespace="https://ws-si.mecon.gov.ar/ws/informeDeGastosMsg" name="C75Service" xmlns:wsdl="http://schemas.xmlsoap.org/wsdl/"><wsdl:types><xs:schema xmlns:xs="http://www.w3.org/2001/XMLSchema" elementFormDefault="qualified" targetNamespace="https://ws-si.mecon.gov.ar/ws/informeDeGastosMsg"><xs:import namespace="http://schemas.microsoft.com/2003/10/Serialization/Arrays"/><xs:import namespace="http://schemas.datacontract.org/2004/07/System"/><xs:element name="generarInformeDeGastosPortType"><xs:complexType><xs:sequence><xs:element minOccurs="0" maxOccurs="1" name="generarInformeDeGastos" type="xs:string"/></xs:sequence></xs:complexType></xs:element><xs:element name="generarInformeDeGastosPortTypeResponse"><xs:complexType><xs:sequence><xs:element minOccurs="0" maxOccurs="1" name="generarInformeDeGastosPortTypeResult" type="xs:string"/></xs:sequence></xs:complexType></xs:element></xs:schema></wsdl:types><wsdl:message name="C75Service_generarInformeDeGastosPortType_InputMessage"><wsdl:part name="parameters" element="tns:generarInformeDeGastosPortType"/></wsdl:message><wsdl:message name="C75Service_generarInformeDeGastosPortType_OutputMessage"><wsdl:part name="parameters" element="tns:generarInformeDeGastosPortTypeResponse"/></wsdl:message><wsdl:portType name="C75Service"><wsdl:operation name="generarInformeDeGastosPortType"><wsdl:input message="tns:C75Service_generarInformeDeGastosPortType_InputMessage"/><wsdl:output message="tns:C75Service_generarInformeDeGastosPortType_OutputMessage"/></wsdl:operation></wsdl:portType><wsdl:binding name="BasicHttpBinding_C75Service" type="tns:C75Service"><soap:binding transport="http://schemas.xmlsoap.org/soap/http"/><wsdl:operation name="generarInformeDeGastosPortType"><soap:operation soapAction="https://ws-si.mecon.gov.ar/ws/informeDeGastosMsg/generarInformeDeGastosPortType" style="document"/><wsdl:input><soap:body use="literal"/></wsdl:input><wsdl:output><soap:body use="literal"/></wsdl:output></wsdl:operation></wsdl:binding><wsdl:service name="C75Service"><wsdl:port name="BasicHttpBinding_C75Service" binding="tns:BasicHttpBinding_C75Service"><soap:address location="https://localhost:44392/generarInformeDeGastosC75.asmx"/></wsdl:port></wsdl:service></wsdl:definitions>
2019-07-11 14:41:59,415 [6] INFO  ESIDIFC75.C75Service [(null)] - Respuesta Servicio - SAP: 
<wsdl:definitions xmlns:xsd="http://www.w3.org/2001/XMLSchema" xmlns:msc="http://schemas.microsoft.com/ws/2005/12/wsdl/contract" xmlns:wsp="http://schemas.xmlsoap.org/ws/2004/09/policy" xmlns:wsu="http://docs.oasis-open.org/wss/2004/01/oasis-200401-wss-wssecurity-utility-1.0.xsd" xmlns:http="http://schemas.microsoft.com/ws/06/2004/policy/http" xmlns:soap="http://schemas.xmlsoap.org/wsdl/soap/" xmlns:tns="https://ws-si.mecon.gov.ar/ws/informeDeGastosMsg" xmlns:wsam="http://www.w3.org/2007/05/addressing/metadata" targetNamespace="https://ws-si.mecon.gov.ar/ws/informeDeGastosMsg" name="C75Service" xmlns:wsdl="http://schemas.xmlsoap.org/wsdl/">
  <wsdl:types>
    <xs:schema xmlns:xs="http://www.w3.org/2001/XMLSchema" elementFormDefault="qualified" targetNamespace="https://ws-si.mecon.gov.ar/ws/informeDeGastosMsg">
      <xs:import namespace="http://schemas.microsoft.com/2003/10/Serialization/Arrays" />
      <xs:import namespace="http://schemas.datacontract.org/2004/07/System" />
      <xs:element name="generarInformeDeGastosPortType">
        <xs:complexType>
          <xs:sequence>
            <xs:element minOccurs="0" maxOccurs="1" name="generarInformeDeGastos" type="xs:string" />
          </xs:sequence>
        </xs:complexType>
      </xs:element>
      <xs:element name="generarInformeDeGastosPortTypeResponse">
        <xs:complexType>
          <xs:sequence>
            <xs:element minOccurs="0" maxOccurs="1" name="generarInformeDeGastosPortTypeResult" type="xs:string" />
          </xs:sequence>
        </xs:complexType>
      </xs:element>
    </xs:schema>
  </wsdl:types>
  <wsdl:message name="C75Service_generarInformeDeGastosPortType_InputMessage">
    <wsdl:part name="parameters" element="tns:generarInformeDeGastosPortType" />
  </wsdl:message>
  <wsdl:message name="C75Service_generarInformeDeGastosPortType_OutputMessage">
    <wsdl:part name="parameters" element="tns:generarInformeDeGastosPortTypeResponse" />
  </wsdl:message>
  <wsdl:portType name="C75Service">
    <wsdl:operation name="generarInformeDeGastosPortType">
      <wsdl:input message="tns:C75Service_generarInformeDeGastosPortType_InputMessage" />
      <wsdl:output message="tns:C75Service_generarInformeDeGastosPortType_OutputMessage" />
    </wsdl:operation>
  </wsdl:portType>
  <wsdl:binding name="BasicHttpBinding_C75Service" type="tns:C75Service">
    <soap:binding transport="http://schemas.xmlsoap.org/soap/http" />
    <wsdl:operation name="generarInformeDeGastosPortType">
      <soap:operation soapAction="https://ws-si.mecon.gov.ar/ws/informeDeGastosMsg/generarInformeDeGastosPortType" style="document" />
      <wsdl:input>
        <soap:body use="literal" />
      </wsdl:input>
      <wsdl:output>
        <soap:body use="literal" />
      </wsdl:output>
    </wsdl:operation>
  </wsdl:binding>
  <wsdl:service name="C75Service">
    <wsdl:port name="BasicHttpBinding_C75Service" binding="tns:BasicHttpBinding_C75Service">
      <soap:address location="https://localhost:44392/generarInformeDeGastosC75.asmx" />
    </wsdl:port>
  </wsdl:service>
</wsdl:definitions>
2019-07-11 14:42:03,733 [6] INFO  ESIDIFC75.C75Service [(null)] - REQUEST METHOD: POST, REQUEST BODY: <soapenv:Envelope xmlns:soapenv="http://schemas.xmlsoap.org/soap/envelope/" xmlns:inf="https://ws-si.mecon.gov.ar/ws/informeDeGastosMsg">
   <soapenv:Header>
   	<token>fjfjgjg</token>
   	<sign>ksjdlsdjkf</sign>
   </soapenv:Header>
   <soapenv:Body>
      <inf:generarInformeDeGastosPortType>
         <!--Optional:-->
         <inf:generarInformeDeGastos>shfgjkshjk</inf:generarInformeDeGastos>
      </inf:generarInformeDeGastosPortType>
   </soapenv:Body>
</soapenv:Envelope>, REQUEST URL: https://localhost:44392/generarInformeDeGastosC75.asmx
2019-07-11 14:42:03,733 [6] INFO  ESIDIFC75.C75Service [(null)] - Consulta SAP - Servicio: 
<soapenv:Envelope xmlns:soapenv="http://schemas.xmlsoap.org/soap/envelope/" xmlns:inf="https://ws-si.mecon.gov.ar/ws/informeDeGastosMsg">
  <soapenv:Header>
    <token>fjfjgjg</token>
    <sign>ksjdlsdjkf</sign>
  </soapenv:Header>
  <soapenv:Body>
    <inf:generarInformeDeGastosPortType>
      <!--Optional:-->
      <inf:generarInformeDeGastos>shfgjkshjk</inf:generarInformeDeGastos>
    </inf:generarInformeDeGastosPortType>
  </soapenv:Body>
</soapenv:Envelope>
2019-07-11 14:42:03,966 [6] INFO  ESIDIFC75.C75Service [(null)] - Envio: shfgjkshjk
2019-07-11 14:42:05,778 [6] INFO  ESIDIFC75.C75Service [(null)] - RESPONSE LOG: <?xml version="1.0" encoding="utf-8"?><s:Envelope xmlns:xsd="http://www.w3.org/2001/XMLSchema" xmlns:xsi="http://www.w3.org/2001/XMLSchema-instance" xmlns:s="http://schemas.xmlsoap.org/soap/envelope/"><s:Body><generarInformeDeGastosPortTypeResponse xmlns="https://ws-si.mecon.gov.ar/ws/informeDeGastosMsg"><generarInformeDeGastosPortTypeResult>shfgjkshjkjueves, 11 de julio de 2019</generarInformeDeGastosPortTypeResult></generarInformeDeGastosPortTypeResponse></s:Body></s:Envelope>
2019-07-11 14:42:05,778 [6] INFO  ESIDIFC75.C75Service [(null)] - Respuesta Servicio - SAP: 
<s:Envelope xmlns:xsd="http://www.w3.org/2001/XMLSchema" xmlns:xsi="http://www.w3.org/2001/XMLSchema-instance" xmlns:s="http://schemas.xmlsoap.org/soap/envelope/">
  <s:Body>
    <generarInformeDeGastosPortTypeResponse xmlns="https://ws-si.mecon.gov.ar/ws/informeDeGastosMsg">
      <generarInformeDeGastosPortTypeResult>shfgjkshjkjueves, 11 de julio de 2019</generarInformeDeGastosPortTypeResult>
    </generarInformeDeGastosPortTypeResponse>
  </s:Body>
</s:Envelope>
2019-07-11 15:00:45,206 [9] INFO  ESIDIFC75.C75Service [(null)] - REQUEST METHOD: GET, REQUEST BODY: , REQUEST URL: https://localhost:44392/generarInformeDeGastosC75.asmx
2019-07-11 15:00:45,437 [9] INFO  ESIDIFC75.C75Service [(null)] - Consulta SAP - Servicio: 

2019-07-11 15:00:45,862 [9] INFO  ESIDIFC75.C75Service [(null)] - RESPONSE LOG: <wsdl:definitions xmlns:xsd="http://www.w3.org/2001/XMLSchema" xmlns:msc="http://schemas.microsoft.com/ws/2005/12/wsdl/contract" xmlns:wsp="http://schemas.xmlsoap.org/ws/2004/09/policy" xmlns:wsu="http://docs.oasis-open.org/wss/2004/01/oasis-200401-wss-wssecurity-utility-1.0.xsd" xmlns:http="http://schemas.microsoft.com/ws/06/2004/policy/http" xmlns:soap="http://schemas.xmlsoap.org/wsdl/soap/" xmlns:tns="https://ws-si.mecon.gov.ar/ws/informeDeGastosMsg" xmlns:wsam="http://www.w3.org/2007/05/addressing/metadata" targetNamespace="https://ws-si.mecon.gov.ar/ws/informeDeGastosMsg" name="C75Service" xmlns:wsdl="http://schemas.xmlsoap.org/wsdl/"><wsdl:types><xs:schema xmlns:xs="http://www.w3.org/2001/XMLSchema" elementFormDefault="qualified" targetNamespace="https://ws-si.mecon.gov.ar/ws/informeDeGastosMsg"><xs:import namespace="http://schemas.microsoft.com/2003/10/Serialization/Arrays"/><xs:import namespace="http://schemas.datacontract.org/2004/07/System"/><xs:element name="generarInformeDeGastosPortType"><xs:complexType><xs:sequence><xs:element minOccurs="0" maxOccurs="1" name="generarInformeDeGastos" type="xs:string"/></xs:sequence></xs:complexType></xs:element><xs:element name="generarInformeDeGastosPortTypeResponse"><xs:complexType><xs:sequence><xs:element minOccurs="0" maxOccurs="1" name="generarInformeDeGastosPortTypeResult" type="xs:string"/></xs:sequence></xs:complexType></xs:element></xs:schema></wsdl:types><wsdl:message name="C75Service_generarInformeDeGastosPortType_InputMessage"><wsdl:part name="parameters" element="tns:generarInformeDeGastosPortType"/></wsdl:message><wsdl:message name="C75Service_generarInformeDeGastosPortType_OutputMessage"><wsdl:part name="parameters" element="tns:generarInformeDeGastosPortTypeResponse"/></wsdl:message><wsdl:portType name="C75Service"><wsdl:operation name="generarInformeDeGastosPortType"><wsdl:input message="tns:C75Service_generarInformeDeGastosPortType_InputMessage"/><wsdl:output message="tns:C75Service_generarInformeDeGastosPortType_OutputMessage"/></wsdl:operation></wsdl:portType><wsdl:binding name="BasicHttpBinding_C75Service" type="tns:C75Service"><soap:binding transport="http://schemas.xmlsoap.org/soap/http"/><wsdl:operation name="generarInformeDeGastosPortType"><soap:operation soapAction="https://ws-si.mecon.gov.ar/ws/informeDeGastosMsg/generarInformeDeGastosPortType" style="document"/><wsdl:input><soap:body use="literal"/></wsdl:input><wsdl:output><soap:body use="literal"/></wsdl:output></wsdl:operation></wsdl:binding><wsdl:service name="C75Service"><wsdl:port name="BasicHttpBinding_C75Service" binding="tns:BasicHttpBinding_C75Service"><soap:address location="https://localhost:44392/generarInformeDeGastosC75.asmx"/></wsdl:port></wsdl:service></wsdl:definitions>
2019-07-11 15:00:45,866 [9] INFO  ESIDIFC75.C75Service [(null)] - Respuesta Servicio - SAP: 
<wsdl:definitions xmlns:xsd="http://www.w3.org/2001/XMLSchema" xmlns:msc="http://schemas.microsoft.com/ws/2005/12/wsdl/contract" xmlns:wsp="http://schemas.xmlsoap.org/ws/2004/09/policy" xmlns:wsu="http://docs.oasis-open.org/wss/2004/01/oasis-200401-wss-wssecurity-utility-1.0.xsd" xmlns:http="http://schemas.microsoft.com/ws/06/2004/policy/http" xmlns:soap="http://schemas.xmlsoap.org/wsdl/soap/" xmlns:tns="https://ws-si.mecon.gov.ar/ws/informeDeGastosMsg" xmlns:wsam="http://www.w3.org/2007/05/addressing/metadata" targetNamespace="https://ws-si.mecon.gov.ar/ws/informeDeGastosMsg" name="C75Service" xmlns:wsdl="http://schemas.xmlsoap.org/wsdl/">
  <wsdl:types>
    <xs:schema xmlns:xs="http://www.w3.org/2001/XMLSchema" elementFormDefault="qualified" targetNamespace="https://ws-si.mecon.gov.ar/ws/informeDeGastosMsg">
      <xs:import namespace="http://schemas.microsoft.com/2003/10/Serialization/Arrays" />
      <xs:import namespace="http://schemas.datacontract.org/2004/07/System" />
      <xs:element name="generarInformeDeGastosPortType">
        <xs:complexType>
          <xs:sequence>
            <xs:element minOccurs="0" maxOccurs="1" name="generarInformeDeGastos" type="xs:string" />
          </xs:sequence>
        </xs:complexType>
      </xs:element>
      <xs:element name="generarInformeDeGastosPortTypeResponse">
        <xs:complexType>
          <xs:sequence>
            <xs:element minOccurs="0" maxOccurs="1" name="generarInformeDeGastosPortTypeResult" type="xs:string" />
          </xs:sequence>
        </xs:complexType>
      </xs:element>
    </xs:schema>
  </wsdl:types>
  <wsdl:message name="C75Service_generarInformeDeGastosPortType_InputMessage">
    <wsdl:part name="parameters" element="tns:generarInformeDeGastosPortType" />
  </wsdl:message>
  <wsdl:message name="C75Service_generarInformeDeGastosPortType_OutputMessage">
    <wsdl:part name="parameters" element="tns:generarInformeDeGastosPortTypeResponse" />
  </wsdl:message>
  <wsdl:portType name="C75Service">
    <wsdl:operation name="generarInformeDeGastosPortType">
      <wsdl:input message="tns:C75Service_generarInformeDeGastosPortType_InputMessage" />
      <wsdl:output message="tns:C75Service_generarInformeDeGastosPortType_OutputMessage" />
    </wsdl:operation>
  </wsdl:portType>
  <wsdl:binding name="BasicHttpBinding_C75Service" type="tns:C75Service">
    <soap:binding transport="http://schemas.xmlsoap.org/soap/http" />
    <wsdl:operation name="generarInformeDeGastosPortType">
      <soap:operation soapAction="https://ws-si.mecon.gov.ar/ws/informeDeGastosMsg/generarInformeDeGastosPortType" style="document" />
      <wsdl:input>
        <soap:body use="literal" />
      </wsdl:input>
      <wsdl:output>
        <soap:body use="literal" />
      </wsdl:output>
    </wsdl:operation>
  </wsdl:binding>
  <wsdl:service name="C75Service">
    <wsdl:port name="BasicHttpBinding_C75Service" binding="tns:BasicHttpBinding_C75Service">
      <soap:address location="https://localhost:44392/generarInformeDeGastosC75.asmx" />
    </wsdl:port>
  </wsdl:service>
</wsdl:definitions>
2019-07-11 15:01:36,839 [4] INFO  ESIDIFC75.C75Service [(null)] - REQUEST METHOD: GET, REQUEST BODY: , REQUEST URL: https://localhost:44392/generarInformeDeGastosC75.asmx
2019-07-11 15:01:37,159 [4] INFO  ESIDIFC75.C75Service [(null)] - Consulta SAP - Servicio: 

2019-07-11 15:01:37,972 [4] INFO  ESIDIFC75.C75Service [(null)] - RESPONSE LOG: <wsdl:definitions xmlns:xsd="http://www.w3.org/2001/XMLSchema" xmlns:msc="http://schemas.microsoft.com/ws/2005/12/wsdl/contract" xmlns:wsp="http://schemas.xmlsoap.org/ws/2004/09/policy" xmlns:wsu="http://docs.oasis-open.org/wss/2004/01/oasis-200401-wss-wssecurity-utility-1.0.xsd" xmlns:http="http://schemas.microsoft.com/ws/06/2004/policy/http" xmlns:soap="http://schemas.xmlsoap.org/wsdl/soap/" xmlns:tns="https://ws-si.mecon.gov.ar/ws/informeDeGastosMsg" xmlns:wsam="http://www.w3.org/2007/05/addressing/metadata" targetNamespace="https://ws-si.mecon.gov.ar/ws/informeDeGastosMsg" name="C75Service" xmlns:wsdl="http://schemas.xmlsoap.org/wsdl/"><wsdl:types><xs:schema xmlns:xs="http://www.w3.org/2001/XMLSchema" elementFormDefault="qualified" targetNamespace="https://ws-si.mecon.gov.ar/ws/informeDeGastosMsg"><xs:import namespace="http://schemas.microsoft.com/2003/10/Serialization/Arrays"/><xs:import namespace="http://schemas.datacontract.org/2004/07/System"/><xs:element name="generarInformeDeGastosPortType"><xs:complexType><xs:sequence><xs:element minOccurs="0" maxOccurs="1" name="generarInformeDeGastos" type="xs:string"/></xs:sequence></xs:complexType></xs:element><xs:element name="generarInformeDeGastosPortTypeResponse"><xs:complexType><xs:sequence><xs:element minOccurs="0" maxOccurs="1" name="generarInformeDeGastosPortTypeResult" type="xs:string"/></xs:sequence></xs:complexType></xs:element></xs:schema></wsdl:types><wsdl:message name="C75Service_generarInformeDeGastosPortType_InputMessage"><wsdl:part name="parameters" element="tns:generarInformeDeGastosPortType"/></wsdl:message><wsdl:message name="C75Service_generarInformeDeGastosPortType_OutputMessage"><wsdl:part name="parameters" element="tns:generarInformeDeGastosPortTypeResponse"/></wsdl:message><wsdl:portType name="C75Service"><wsdl:operation name="generarInformeDeGastosPortType"><wsdl:input message="tns:C75Service_generarInformeDeGastosPortType_InputMessage"/><wsdl:output message="tns:C75Service_generarInformeDeGastosPortType_OutputMessage"/></wsdl:operation></wsdl:portType><wsdl:binding name="BasicHttpBinding_C75Service" type="tns:C75Service"><soap:binding transport="http://schemas.xmlsoap.org/soap/http"/><wsdl:operation name="generarInformeDeGastosPortType"><soap:operation soapAction="https://ws-si.mecon.gov.ar/ws/informeDeGastosMsg/generarInformeDeGastosPortType" style="document"/><wsdl:input><soap:body use="literal"/></wsdl:input><wsdl:output><soap:body use="literal"/></wsdl:output></wsdl:operation></wsdl:binding><wsdl:service name="C75Service"><wsdl:port name="BasicHttpBinding_C75Service" binding="tns:BasicHttpBinding_C75Service"><soap:address location="https://localhost:44392/generarInformeDeGastosC75.asmx"/></wsdl:port></wsdl:service></wsdl:definitions>
2019-07-11 15:01:37,978 [4] INFO  ESIDIFC75.C75Service [(null)] - Respuesta Servicio - SAP: 
<wsdl:definitions xmlns:xsd="http://www.w3.org/2001/XMLSchema" xmlns:msc="http://schemas.microsoft.com/ws/2005/12/wsdl/contract" xmlns:wsp="http://schemas.xmlsoap.org/ws/2004/09/policy" xmlns:wsu="http://docs.oasis-open.org/wss/2004/01/oasis-200401-wss-wssecurity-utility-1.0.xsd" xmlns:http="http://schemas.microsoft.com/ws/06/2004/policy/http" xmlns:soap="http://schemas.xmlsoap.org/wsdl/soap/" xmlns:tns="https://ws-si.mecon.gov.ar/ws/informeDeGastosMsg" xmlns:wsam="http://www.w3.org/2007/05/addressing/metadata" targetNamespace="https://ws-si.mecon.gov.ar/ws/informeDeGastosMsg" name="C75Service" xmlns:wsdl="http://schemas.xmlsoap.org/wsdl/">
  <wsdl:types>
    <xs:schema xmlns:xs="http://www.w3.org/2001/XMLSchema" elementFormDefault="qualified" targetNamespace="https://ws-si.mecon.gov.ar/ws/informeDeGastosMsg">
      <xs:import namespace="http://schemas.microsoft.com/2003/10/Serialization/Arrays" />
      <xs:import namespace="http://schemas.datacontract.org/2004/07/System" />
      <xs:element name="generarInformeDeGastosPortType">
        <xs:complexType>
          <xs:sequence>
            <xs:element minOccurs="0" maxOccurs="1" name="generarInformeDeGastos" type="xs:string" />
          </xs:sequence>
        </xs:complexType>
      </xs:element>
      <xs:element name="generarInformeDeGastosPortTypeResponse">
        <xs:complexType>
          <xs:sequence>
            <xs:element minOccurs="0" maxOccurs="1" name="generarInformeDeGastosPortTypeResult" type="xs:string" />
          </xs:sequence>
        </xs:complexType>
      </xs:element>
    </xs:schema>
  </wsdl:types>
  <wsdl:message name="C75Service_generarInformeDeGastosPortType_InputMessage">
    <wsdl:part name="parameters" element="tns:generarInformeDeGastosPortType" />
  </wsdl:message>
  <wsdl:message name="C75Service_generarInformeDeGastosPortType_OutputMessage">
    <wsdl:part name="parameters" element="tns:generarInformeDeGastosPortTypeResponse" />
  </wsdl:message>
  <wsdl:portType name="C75Service">
    <wsdl:operation name="generarInformeDeGastosPortType">
      <wsdl:input message="tns:C75Service_generarInformeDeGastosPortType_InputMessage" />
      <wsdl:output message="tns:C75Service_generarInformeDeGastosPortType_OutputMessage" />
    </wsdl:operation>
  </wsdl:portType>
  <wsdl:binding name="BasicHttpBinding_C75Service" type="tns:C75Service">
    <soap:binding transport="http://schemas.xmlsoap.org/soap/http" />
    <wsdl:operation name="generarInformeDeGastosPortType">
      <soap:operation soapAction="https://ws-si.mecon.gov.ar/ws/informeDeGastosMsg/generarInformeDeGastosPortType" style="document" />
      <wsdl:input>
        <soap:body use="literal" />
      </wsdl:input>
      <wsdl:output>
        <soap:body use="literal" />
      </wsdl:output>
    </wsdl:operation>
  </wsdl:binding>
  <wsdl:service name="C75Service">
    <wsdl:port name="BasicHttpBinding_C75Service" binding="tns:BasicHttpBinding_C75Service">
      <soap:address location="https://localhost:44392/generarInformeDeGastosC75.asmx" />
    </wsdl:port>
  </wsdl:service>
</wsdl:definitions>
2019-07-11 16:49:53,919 [4] INFO  ESIDIFC75.C75Service [(null)] - REQUEST METHOD: GET, REQUEST BODY: , REQUEST URL: https://localhost:44392/generarInformeDeGastosC75.asmx
2019-07-11 16:49:54,784 [4] INFO  ESIDIFC75.C75Service [(null)] - Consulta SAP - Servicio: 

2019-07-11 16:49:55,826 [4] INFO  ESIDIFC75.C75Service [(null)] - RESPONSE LOG: <wsdl:definitions xmlns:xsd="http://www.w3.org/2001/XMLSchema" xmlns:msc="http://schemas.microsoft.com/ws/2005/12/wsdl/contract" xmlns:wsp="http://schemas.xmlsoap.org/ws/2004/09/policy" xmlns:wsu="http://docs.oasis-open.org/wss/2004/01/oasis-200401-wss-wssecurity-utility-1.0.xsd" xmlns:http="http://schemas.microsoft.com/ws/06/2004/policy/http" xmlns:soap="http://schemas.xmlsoap.org/wsdl/soap/" xmlns:tns="https://ws-si.mecon.gov.ar/ws/informeDeGastosMsg" xmlns:wsam="http://www.w3.org/2007/05/addressing/metadata" targetNamespace="https://ws-si.mecon.gov.ar/ws/informeDeGastosMsg" name="C75Service" xmlns:wsdl="http://schemas.xmlsoap.org/wsdl/"><wsdl:types><xs:schema xmlns:xs="http://www.w3.org/2001/XMLSchema" elementFormDefault="qualified" targetNamespace="https://ws-si.mecon.gov.ar/ws/informeDeGastosMsg"><xs:import namespace="http://schemas.microsoft.com/2003/10/Serialization/Arrays"/><xs:import namespace="http://schemas.datacontract.org/2004/07/System"/><xs:element name="generarInformeDeGastosPortType"><xs:complexType><xs:sequence><xs:element minOccurs="0" maxOccurs="1" name="generarInformeDeGastos" type="xs:string"/></xs:sequence></xs:complexType></xs:element><xs:element name="generarInformeDeGastosPortTypeResponse"><xs:complexType><xs:sequence><xs:element minOccurs="0" maxOccurs="1" name="generarInformeDeGastosPortTypeResult" type="xs:string"/></xs:sequence></xs:complexType></xs:element></xs:schema></wsdl:types><wsdl:message name="C75Service_generarInformeDeGastosPortType_InputMessage"><wsdl:part name="parameters" element="tns:generarInformeDeGastosPortType"/></wsdl:message><wsdl:message name="C75Service_generarInformeDeGastosPortType_OutputMessage"><wsdl:part name="parameters" element="tns:generarInformeDeGastosPortTypeResponse"/></wsdl:message><wsdl:portType name="C75Service"><wsdl:operation name="generarInformeDeGastosPortType"><wsdl:input message="tns:C75Service_generarInformeDeGastosPortType_InputMessage"/><wsdl:output message="tns:C75Service_generarInformeDeGastosPortType_OutputMessage"/></wsdl:operation></wsdl:portType><wsdl:binding name="BasicHttpBinding_C75Service" type="tns:C75Service"><soap:binding transport="http://schemas.xmlsoap.org/soap/http"/><wsdl:operation name="generarInformeDeGastosPortType"><soap:operation soapAction="https://ws-si.mecon.gov.ar/ws/informeDeGastosMsg/generarInformeDeGastosPortType" style="document"/><wsdl:input><soap:body use="literal"/></wsdl:input><wsdl:output><soap:body use="literal"/></wsdl:output></wsdl:operation></wsdl:binding><wsdl:service name="C75Service"><wsdl:port name="BasicHttpBinding_C75Service" binding="tns:BasicHttpBinding_C75Service"><soap:address location="https://localhost:44392/generarInformeDeGastosC75.asmx"/></wsdl:port></wsdl:service></wsdl:definitions>
2019-07-11 16:49:55,831 [4] INFO  ESIDIFC75.C75Service [(null)] - Respuesta Servicio - SAP: 
<wsdl:definitions xmlns:xsd="http://www.w3.org/2001/XMLSchema" xmlns:msc="http://schemas.microsoft.com/ws/2005/12/wsdl/contract" xmlns:wsp="http://schemas.xmlsoap.org/ws/2004/09/policy" xmlns:wsu="http://docs.oasis-open.org/wss/2004/01/oasis-200401-wss-wssecurity-utility-1.0.xsd" xmlns:http="http://schemas.microsoft.com/ws/06/2004/policy/http" xmlns:soap="http://schemas.xmlsoap.org/wsdl/soap/" xmlns:tns="https://ws-si.mecon.gov.ar/ws/informeDeGastosMsg" xmlns:wsam="http://www.w3.org/2007/05/addressing/metadata" targetNamespace="https://ws-si.mecon.gov.ar/ws/informeDeGastosMsg" name="C75Service" xmlns:wsdl="http://schemas.xmlsoap.org/wsdl/">
  <wsdl:types>
    <xs:schema xmlns:xs="http://www.w3.org/2001/XMLSchema" elementFormDefault="qualified" targetNamespace="https://ws-si.mecon.gov.ar/ws/informeDeGastosMsg">
      <xs:import namespace="http://schemas.microsoft.com/2003/10/Serialization/Arrays" />
      <xs:import namespace="http://schemas.datacontract.org/2004/07/System" />
      <xs:element name="generarInformeDeGastosPortType">
        <xs:complexType>
          <xs:sequence>
            <xs:element minOccurs="0" maxOccurs="1" name="generarInformeDeGastos" type="xs:string" />
          </xs:sequence>
        </xs:complexType>
      </xs:element>
      <xs:element name="generarInformeDeGastosPortTypeResponse">
        <xs:complexType>
          <xs:sequence>
            <xs:element minOccurs="0" maxOccurs="1" name="generarInformeDeGastosPortTypeResult" type="xs:string" />
          </xs:sequence>
        </xs:complexType>
      </xs:element>
    </xs:schema>
  </wsdl:types>
  <wsdl:message name="C75Service_generarInformeDeGastosPortType_InputMessage">
    <wsdl:part name="parameters" element="tns:generarInformeDeGastosPortType" />
  </wsdl:message>
  <wsdl:message name="C75Service_generarInformeDeGastosPortType_OutputMessage">
    <wsdl:part name="parameters" element="tns:generarInformeDeGastosPortTypeResponse" />
  </wsdl:message>
  <wsdl:portType name="C75Service">
    <wsdl:operation name="generarInformeDeGastosPortType">
      <wsdl:input message="tns:C75Service_generarInformeDeGastosPortType_InputMessage" />
      <wsdl:output message="tns:C75Service_generarInformeDeGastosPortType_OutputMessage" />
    </wsdl:operation>
  </wsdl:portType>
  <wsdl:binding name="BasicHttpBinding_C75Service" type="tns:C75Service">
    <soap:binding transport="http://schemas.xmlsoap.org/soap/http" />
    <wsdl:operation name="generarInformeDeGastosPortType">
      <soap:operation soapAction="https://ws-si.mecon.gov.ar/ws/informeDeGastosMsg/generarInformeDeGastosPortType" style="document" />
      <wsdl:input>
        <soap:body use="literal" />
      </wsdl:input>
      <wsdl:output>
        <soap:body use="literal" />
      </wsdl:output>
    </wsdl:operation>
  </wsdl:binding>
  <wsdl:service name="C75Service">
    <wsdl:port name="BasicHttpBinding_C75Service" binding="tns:BasicHttpBinding_C75Service">
      <soap:address location="https://localhost:44392/generarInformeDeGastosC75.asmx" />
    </wsdl:port>
  </wsdl:service>
</wsdl:definitions>
